INFO 2023-07-27 16:24:13,926 autoreload 12192 12100 Watching for file changes with StatReloader
INFO 2023-07-27 16:25:19,790 autoreload 12192 12100 K:\YandexDisk\razrab\Django\seminars\project_one\secondapp\views.py changed, reloading.
INFO 2023-07-27 16:25:20,712 autoreload 6332 13036 Watching for file changes with StatReloader
INFO 2023-07-27 16:25:27,139 views 6332 14584 Index page accessed
INFO 2023-07-27 16:25:27,140 basehttp 6332 14584 "GET / HTTP/1.1" 200 178
WARNING 2023-07-27 16:25:28,051 log 6332 14584 Not Found: /favicon.ico
WARNING 2023-07-27 16:25:28,054 basehttp 6332 14584 "GET /favicon.ico HTTP/1.1" 404 2966
INFO 2023-07-27 16:25:43,130 basehttp 6332 14584 "GET /about HTTP/1.1" 301 0
INFO 2023-07-27 16:25:43,139 views 6332 12964 About page accessed
INFO 2023-07-27 16:25:43,141 basehttp 6332 12964 "GET /about/ HTTP/1.1" 200 159
INFO 2023-07-29 11:05:07,420 autoreload 136 2412 Watching for file changes with StatReloader
INFO 2023-07-29 11:05:55,619 autoreload 13008 13648 Watching for file changes with StatReloader
INFO 2023-07-29 11:09:10,653 autoreload 13008 13648 K:\YandexDisk\razrab\Django\seminars\project_one\secondapp\views.py changed, reloading.
INFO 2023-07-29 11:09:19,707 autoreload 2296 904 Watching for file changes with StatReloader
INFO 2023-07-29 11:10:20,229 autoreload 2296 904 K:\YandexDisk\razrab\Django\seminars\project_one\secondapp\views.py changed, reloading.
INFO 2023-07-29 11:10:21,523 autoreload 896 11288 Watching for file changes with StatReloader
INFO 2023-07-29 11:10:37,675 views 896 12140 Index page accessed
INFO 2023-07-29 11:10:37,700 basehttp 896 12140 "GET / HTTP/1.1" 200 178
WARNING 2023-07-29 11:10:43,575 log 896 12140 Not Found: /favicon.ico
WARNING 2023-07-29 11:10:43,575 basehttp 896 12140 "GET /favicon.ico HTTP/1.1" 404 2966
ERROR 2023-07-29 11:10:55,649 log 896 9540 Internal Server Error: /headsortails/
Traceback (most recent call last):
  File "K:\YandexDisk\razrab\Django\seminars\venv\Lib\site-packages\django\core\handlers\exception.py", line 55, in inner
    response = get_response(request)
               ^^^^^^^^^^^^^^^^^^^^^
  File "K:\YandexDisk\razrab\Django\seminars\venv\Lib\site-packages\django\core\handlers\base.py", line 197, in _get_response
    response = wrapped_callback(request, *callback_args, **callback_kwargs)
               ^^^^^^^^^^^^^^^^^^^^^^^^^^^^^^^^^^^^^^^^^^^^^^^^^^^^^^^^^^^^
  File "K:\YandexDisk\razrab\Django\seminars\project_one\secondapp\views.py", line 12, in headsortails
    coin = choice['Орёл', 'Решка']
           ~~~~~~^^^^^^^^^^^^^^^^^
TypeError: 'method' object is not subscriptable
ERROR 2023-07-29 11:10:55,653 basehttp 896 9540 "GET /headsortails/ HTTP/1.1" 500 66629
INFO 2023-07-29 11:14:28,271 autoreload 896 11288 K:\YandexDisk\razrab\Django\seminars\project_one\secondapp\views.py changed, reloading.
INFO 2023-07-29 11:14:32,973 autoreload 9136 11824 Watching for file changes with StatReloader
INFO 2023-07-29 11:14:39,323 views 9136 4724 getting Решка
INFO 2023-07-29 11:14:39,324 views 9136 4724 В базу данных добавлена запись: Toss result: Решка, time: 11:14:38.948938
INFO 2023-07-29 11:14:39,326 basehttp 9136 4724 "GET /headsortails/ HTTP/1.1" 200 95
INFO 2023-07-29 11:15:11,382 views 9136 6308 getting Орёл
INFO 2023-07-29 11:15:11,382 views 9136 6308 В базу данных добавлена запись: Toss result: Орёл, time: 11:15:11.270834
INFO 2023-07-29 11:15:11,383 basehttp 9136 6308 "GET /headsortails/ HTTP/1.1" 200 95
INFO 2023-07-29 11:15:15,272 views 9136 6308 getting Орёл
INFO 2023-07-29 11:15:15,272 views 9136 6308 В базу данных добавлена запись: Toss result: Орёл, time: 11:15:15.189928
INFO 2023-07-29 11:15:15,273 basehttp 9136 6308 "GET /headsortails/ HTTP/1.1" 200 95
INFO 2023-07-29 11:15:16,656 views 9136 11220 getting Решка
INFO 2023-07-29 11:15:16,656 views 9136 11220 В базу данных добавлена запись: Toss result: Решка, time: 11:15:16.569988
INFO 2023-07-29 11:15:16,657 basehttp 9136 11220 "GET /headsortails/ HTTP/1.1" 200 95
INFO 2023-07-29 11:15:53,291 autoreload 9136 11824 K:\YandexDisk\razrab\Django\seminars\project_one\secondapp\views.py changed, reloading.
INFO 2023-07-29 11:15:54,224 autoreload 7864 11204 Watching for file changes with StatReloader
INFO 2023-07-29 11:15:57,309 views 7864 2412 getting Орёл
INFO 2023-07-29 11:15:57,309 views 7864 2412 В базу данных добавлена запись: Toss result: Орёл, time: 11:15:57.221534
INFO 2023-07-29 11:15:57,311 basehttp 7864 2412 "GET /headsortails/ HTTP/1.1" 200 27
INFO 2023-07-29 11:19:55,254 autoreload 10396 10644 Watching for file changes with StatReloader
INFO 2023-07-29 11:19:59,442 views 10396 12884 Index page accessed
INFO 2023-07-29 11:19:59,443 basehttp 10396 12884 "GET / HTTP/1.1" 200 178
INFO 2023-07-29 11:20:09,069 views 10396 7900 getting Орёл
INFO 2023-07-29 11:20:09,069 views 10396 7900 В базу данных добавлена запись: Toss result: Орёл, time: 11:20:08.941801
INFO 2023-07-29 11:20:09,070 basehttp 10396 7900 "GET /headsortails/ HTTP/1.1" 200 27
INFO 2023-07-29 13:30:50,695 autoreload 14648 15648 Watching for file changes with StatReloader
INFO 2023-07-29 13:30:59,838 views 14648 9620 Index page accessed
INFO 2023-07-29 13:30:59,840 basehttp 14648 9620 "GET / HTTP/1.1" 200 178
INFO 2023-07-29 13:31:08,197 views 14648 9620 getting Орёл
INFO 2023-07-29 13:31:08,197 views 14648 9620 В базу данных добавлена запись: Toss result: Орёл, time: 13:31:07.944387
ERROR 2023-07-29 13:31:08,854 log 14648 9620 Internal Server Error: /headsortails/
Traceback (most recent call last):
  File "K:\YandexDisk\razrab\Django\seminars\venv\Lib\site-packages\django\core\handlers\exception.py", line 55, in inner
    response = get_response(request)
               ^^^^^^^^^^^^^^^^^^^^^
  File "K:\YandexDisk\razrab\Django\seminars\venv\Lib\site-packages\django\core\handlers\base.py", line 197, in _get_response
    response = wrapped_callback(request, *callback_args, **callback_kwargs)
               ^^^^^^^^^^^^^^^^^^^^^^^^^^^^^^^^^^^^^^^^^^^^^^^^^^^^^^^^^^^^
  File "K:\YandexDisk\razrab\Django\seminars\project_one\secondapp\views.py", line 17, in headsortails
    return HttpResponse(f'На монете: {coin}\n\n{coin_toss.statistics(5)}')
                                                ^^^^^^^^^^^^^^^^^^^^^^^
  File "K:\YandexDisk\razrab\Django\seminars\project_one\secondapp\models.py", line 17, in statistics
    if all_tosses[i].toss == 'Орёл':
       ~~~~~~~~~~^^^
  File "K:\YandexDisk\razrab\Django\seminars\venv\Lib\site-packages\django\db\models\query.py", line 432, in __getitem__
    return self._result_cache[k]
           ~~~~~~~~~~~~~~~~~~^^^
IndexError: list index out of range
ERROR 2023-07-29 13:31:08,859 basehttp 14648 9620 "GET /headsortails/ HTTP/1.1" 500 75751
INFO 2023-07-29 13:32:00,255 autoreload 14648 15648 K:\YandexDisk\razrab\Django\seminars\project_one\secondapp\models.py changed, reloading.
INFO 2023-07-29 13:32:01,402 autoreload 13332 13152 Watching for file changes with StatReloader
INFO 2023-07-29 13:32:04,648 views 13332 9184 getting Орёл
INFO 2023-07-29 13:32:04,650 views 13332 9184 В базу данных добавлена запись: Toss result: Орёл, time: 13:32:04.550015
INFO 2023-07-29 13:32:04,652 basehttp 13332 9184 "GET /headsortails/ HTTP/1.1" 200 54
INFO 2023-07-29 13:32:16,486 views 13332 8216 getting Решка
INFO 2023-07-29 13:32:16,488 views 13332 8216 В базу данных добавлена запись: Toss result: Решка, time: 13:32:16.371297
INFO 2023-07-29 13:32:16,490 basehttp 13332 8216 "GET /headsortails/ HTTP/1.1" 200 56
INFO 2023-07-29 13:32:25,396 views 13332 14308 getting Орёл
INFO 2023-07-29 13:32:25,397 views 13332 14308 В базу данных добавлена запись: Toss result: Орёл, time: 13:32:25.295202
INFO 2023-07-29 13:32:25,400 basehttp 13332 14308 "GET /headsortails/ HTTP/1.1" 200 54
INFO 2023-07-29 13:32:34,615 views 13332 13600 getting Орёл
INFO 2023-07-29 13:32:34,616 views 13332 13600 В базу данных добавлена запись: Toss result: Орёл, time: 13:32:34.527088
INFO 2023-07-29 13:32:34,618 basehttp 13332 13600 "GET /headsortails/ HTTP/1.1" 200 54
INFO 2023-07-29 13:32:38,025 views 13332 13600 getting Орёл
INFO 2023-07-29 13:32:38,025 views 13332 13600 В базу данных добавлена запись: Toss result: Орёл, time: 13:32:37.937604
INFO 2023-07-29 13:32:38,028 basehttp 13332 13600 "GET /headsortails/ HTTP/1.1" 200 54
INFO 2023-07-29 13:33:30,777 autoreload 13332 13152 K:\YandexDisk\razrab\Django\seminars\project_one\secondapp\views.py changed, reloading.
INFO 2023-07-29 13:33:31,774 autoreload 5944 13212 Watching for file changes with StatReloader
INFO 2023-07-29 13:33:34,283 views 5944 2876 getting Орёл
INFO 2023-07-29 13:33:34,284 views 5944 2876 В базу данных добавлена запись: Toss result: Орёл, time: 13:33:34.202465
INFO 2023-07-29 13:33:34,286 basehttp 5944 2876 "GET /headsortails/ HTTP/1.1" 200 54
INFO 2023-07-29 13:33:37,226 views 5944 2876 getting Орёл
INFO 2023-07-29 13:33:37,226 views 5944 2876 В базу данных добавлена запись: Toss result: Орёл, time: 13:33:37.142363
INFO 2023-07-29 13:33:37,229 basehttp 5944 2876 "GET /headsortails/ HTTP/1.1" 200 54
INFO 2023-07-29 13:33:43,185 views 5944 9620 getting Решка
INFO 2023-07-29 13:33:43,186 views 5944 9620 В базу данных добавлена запись: Toss result: Решка, time: 13:33:43.081856
INFO 2023-07-29 13:33:43,188 basehttp 5944 9620 "GET /headsortails/ HTTP/1.1" 200 56
INFO 2023-07-29 13:33:46,778 views 5944 9620 getting Решка
INFO 2023-07-29 13:33:46,779 views 5944 9620 В базу данных добавлена запись: Toss result: Решка, time: 13:33:46.696798
INFO 2023-07-29 13:33:46,781 basehttp 5944 9620 "GET /headsortails/ HTTP/1.1" 200 56
INFO 2023-08-01 21:34:54,119 autoreload 10328 5588 Watching for file changes with StatReloader
INFO 2023-08-01 21:35:43,061 views 10328 1812 Index page accessed
INFO 2023-08-01 21:35:43,200 basehttp 10328 1812 "GET / HTTP/1.1" 200 363
WARNING 2023-08-01 21:35:45,924 log 10328 1812 Not Found: /favicon.ico
WARNING 2023-08-01 21:35:46,028 basehttp 10328 1812 "GET /favicon.ico HTTP/1.1" 404 2966
INFO 2023-08-01 21:36:12,225 basehttp 10328 1812 "GET /about HTTP/1.1" 301 0
INFO 2023-08-01 21:36:13,213 views 10328 4076 About page accessed
INFO 2023-08-01 21:36:13,215 basehttp 10328 4076 "GET /about/ HTTP/1.1" 200 309
INFO 2023-08-01 22:00:08,509 autoreload 12104 7684 Watching for file changes with StatReloader
INFO 2023-08-01 22:00:11,731 views 12104 15628 Index page accessed
ERROR 2023-08-01 22:00:12,327 log 12104 15628 Internal Server Error: /
Traceback (most recent call last):
  File "K:\YandexDisk\razrab\Django\seminars\venv\Lib\site-packages\django\core\handlers\exception.py", line 55, in inner
    response = get_response(request)
               ^^^^^^^^^^^^^^^^^^^^^
  File "K:\YandexDisk\razrab\Django\seminars\venv\Lib\site-packages\django\core\handlers\base.py", line 197, in _get_response
    response = wrapped_callback(request, *callback_args, **callback_kwargs)
               ^^^^^^^^^^^^^^^^^^^^^^^^^^^^^^^^^^^^^^^^^^^^^^^^^^^^^^^^^^^^
  File "K:\YandexDisk\razrab\Django\seminars\project_one\firstapp\views.py", line 10, in index
    return render(request, 'firstapp/index.html', context)
           ^^^^^^^^^^^^^^^^^^^^^^^^^^^^^^^^^^^^^^^^^^^^^^^
  File "K:\YandexDisk\razrab\Django\seminars\venv\Lib\site-packages\django\shortcuts.py", line 24, in render
    content = loader.render_to_string(template_name, context, request, using=using)
              ^^^^^^^^^^^^^^^^^^^^^^^^^^^^^^^^^^^^^^^^^^^^^^^^^^^^^^^^^^^^^^^^^^^^^
  File "K:\YandexDisk\razrab\Django\seminars\venv\Lib\site-packages\django\template\loader.py", line 62, in render_to_string
    return template.render(context, request)
           ^^^^^^^^^^^^^^^^^^^^^^^^^^^^^^^^^
  File "K:\YandexDisk\razrab\Django\seminars\venv\Lib\site-packages\django\template\backends\django.py", line 61, in render
    return self.template.render(context)
           ^^^^^^^^^^^^^^^^^^^^^^^^^^^^^
  File "K:\YandexDisk\razrab\Django\seminars\venv\Lib\site-packages\django\template\base.py", line 175, in render
    return self._render(context)
           ^^^^^^^^^^^^^^^^^^^^^
  File "K:\YandexDisk\razrab\Django\seminars\venv\Lib\site-packages\django\template\base.py", line 167, in _render
    return self.nodelist.render(context)
           ^^^^^^^^^^^^^^^^^^^^^^^^^^^^^
  File "K:\YandexDisk\razrab\Django\seminars\venv\Lib\site-packages\django\template\base.py", line 1005, in render
    return SafeString("".join([node.render_annotated(context) for node in self]))
                              ^^^^^^^^^^^^^^^^^^^^^^^^^^^^^^^^^^^^^^^^^^^^^^^^^
  File "K:\YandexDisk\razrab\Django\seminars\venv\Lib\site-packages\django\template\base.py", line 1005, in <listcomp>
    return SafeString("".join([node.render_annotated(context) for node in self]))
                               ^^^^^^^^^^^^^^^^^^^^^^^^^^^^^^
  File "K:\YandexDisk\razrab\Django\seminars\venv\Lib\site-packages\django\template\base.py", line 966, in render_annotated
    return self.render(context)
           ^^^^^^^^^^^^^^^^^^^^
  File "K:\YandexDisk\razrab\Django\seminars\venv\Lib\site-packages\django\template\loader_tags.py", line 132, in render
    compiled_parent = self.get_parent(context)
                      ^^^^^^^^^^^^^^^^^^^^^^^^
  File "K:\YandexDisk\razrab\Django\seminars\venv\Lib\site-packages\django\template\loader_tags.py", line 129, in get_parent
    return self.find_template(parent, context)
           ^^^^^^^^^^^^^^^^^^^^^^^^^^^^^^^^^^^
  File "K:\YandexDisk\razrab\Django\seminars\venv\Lib\site-packages\django\template\loader_tags.py", line 107, in find_template
    template, origin = context.template.engine.find_template(
                       ^^^^^^^^^^^^^^^^^^^^^^^^^^^^^^^^^^^^^^
  File "K:\YandexDisk\razrab\Django\seminars\venv\Lib\site-packages\django\template\engine.py", line 157, in find_template
    template = loader.get_template(name, skip=skip)
               ^^^^^^^^^^^^^^^^^^^^^^^^^^^^^^^^^^^^
  File "K:\YandexDisk\razrab\Django\seminars\venv\Lib\site-packages\django\template\loaders\cached.py", line 57, in get_template
    template = super().get_template(template_name, skip)
               ^^^^^^^^^^^^^^^^^^^^^^^^^^^^^^^^^^^^^^^^^
  File "K:\YandexDisk\razrab\Django\seminars\venv\Lib\site-packages\django\template\loaders\base.py", line 28, in get_template
    return Template(
           ^^^^^^^^^
  File "K:\YandexDisk\razrab\Django\seminars\venv\Lib\site-packages\django\template\base.py", line 154, in __init__
    self.nodelist = self.compile_nodelist()
                    ^^^^^^^^^^^^^^^^^^^^^^^
  File "K:\YandexDisk\razrab\Django\seminars\venv\Lib\site-packages\django\template\base.py", line 200, in compile_nodelist
    return parser.parse()
           ^^^^^^^^^^^^^^
  File "K:\YandexDisk\razrab\Django\seminars\venv\Lib\site-packages\django\template\base.py", line 513, in parse
    raise self.error(token, e)
  File "K:\YandexDisk\razrab\Django\seminars\venv\Lib\site-packages\django\template\base.py", line 511, in parse
    compiled_result = compile_func(self, token)
                      ^^^^^^^^^^^^^^^^^^^^^^^^^
  File "K:\YandexDisk\razrab\Django\seminars\venv\Lib\site-packages\django\template\loader_tags.py", line 220, in do_block
    raise TemplateSyntaxError("'%s' tag takes only one argument" % bits[0])
django.template.exceptions.TemplateSyntaxError: 'block' tag takes only one argument
ERROR 2023-08-01 22:00:12,359 basehttp 12104 15628 "GET / HTTP/1.1" 500 158247
INFO 2023-08-01 22:03:51,502 views 12104 15628 About page accessed
INFO 2023-08-01 22:03:51,505 basehttp 12104 15628 "GET /about/ HTTP/1.1" 200 313
INFO 2023-08-01 22:03:59,043 views 12104 15628 Index page accessed
INFO 2023-08-01 22:03:59,045 basehttp 12104 15628 "GET / HTTP/1.1" 200 367
INFO 2023-08-01 22:04:08,799 views 12104 15628 About page accessed
INFO 2023-08-01 22:04:08,800 basehttp 12104 15628 "GET /about/ HTTP/1.1" 200 313
INFO 2023-08-01 22:56:34,377 autoreload 12004 13688 Watching for file changes with StatReloader
INFO 2023-08-01 22:56:37,305 views 12004 15248 Index page accessed
INFO 2023-08-01 22:56:37,314 basehttp 12004 15248 "GET / HTTP/1.1" 200 367
INFO 2023-08-01 22:56:58,359 basehttp 12004 15248 "GET /headsortails/10 HTTP/1.1" 301 0
ERROR 2023-08-01 22:56:58,459 log 12004 12572 Internal Server Error: /headsortails/10/
Traceback (most recent call last):
  File "K:\YandexDisk\razrab\Django\seminars\venv\Lib\site-packages\django\core\handlers\exception.py", line 55, in inner
    response = get_response(request)
               ^^^^^^^^^^^^^^^^^^^^^
  File "K:\YandexDisk\razrab\Django\seminars\venv\Lib\site-packages\django\core\handlers\base.py", line 197, in _get_response
    response = wrapped_callback(request, *callback_args, **callback_kwargs)
               ^^^^^^^^^^^^^^^^^^^^^^^^^^^^^^^^^^^^^^^^^^^^^^^^^^^^^^^^^^^^
  File "K:\YandexDisk\razrab\Django\seminars\project_one\secondapp\views.py", line 21, in headsortails
    return render(request, 'secondapp/headsortails.html', context)
           ^^^^^^^^^^^^^^^^^^^^^^^^^^^^^^^^^^^^^^^^^^^^^^^^^^^^^^^
  File "K:\YandexDisk\razrab\Django\seminars\venv\Lib\site-packages\django\shortcuts.py", line 24, in render
    content = loader.render_to_string(template_name, context, request, using=using)
              ^^^^^^^^^^^^^^^^^^^^^^^^^^^^^^^^^^^^^^^^^^^^^^^^^^^^^^^^^^^^^^^^^^^^^
  File "K:\YandexDisk\razrab\Django\seminars\venv\Lib\site-packages\django\template\loader.py", line 61, in render_to_string
    template = get_template(template_name, using=using)
               ^^^^^^^^^^^^^^^^^^^^^^^^^^^^^^^^^^^^^^^^
  File "K:\YandexDisk\razrab\Django\seminars\venv\Lib\site-packages\django\template\loader.py", line 15, in get_template
    return engine.get_template(template_name)
           ^^^^^^^^^^^^^^^^^^^^^^^^^^^^^^^^^^
  File "K:\YandexDisk\razrab\Django\seminars\venv\Lib\site-packages\django\template\backends\django.py", line 33, in get_template
    return Template(self.engine.get_template(template_name), self)
                    ^^^^^^^^^^^^^^^^^^^^^^^^^^^^^^^^^^^^^^^
  File "K:\YandexDisk\razrab\Django\seminars\venv\Lib\site-packages\django\template\engine.py", line 175, in get_template
    template, origin = self.find_template(template_name)
                       ^^^^^^^^^^^^^^^^^^^^^^^^^^^^^^^^^
  File "K:\YandexDisk\razrab\Django\seminars\venv\Lib\site-packages\django\template\engine.py", line 157, in find_template
    template = loader.get_template(name, skip=skip)
               ^^^^^^^^^^^^^^^^^^^^^^^^^^^^^^^^^^^^
  File "K:\YandexDisk\razrab\Django\seminars\venv\Lib\site-packages\django\template\loaders\cached.py", line 57, in get_template
    template = super().get_template(template_name, skip)
               ^^^^^^^^^^^^^^^^^^^^^^^^^^^^^^^^^^^^^^^^^
  File "K:\YandexDisk\razrab\Django\seminars\venv\Lib\site-packages\django\template\loaders\base.py", line 28, in get_template
    return Template(
           ^^^^^^^^^
  File "K:\YandexDisk\razrab\Django\seminars\venv\Lib\site-packages\django\template\base.py", line 154, in __init__
    self.nodelist = self.compile_nodelist()
                    ^^^^^^^^^^^^^^^^^^^^^^^
  File "K:\YandexDisk\razrab\Django\seminars\venv\Lib\site-packages\django\template\base.py", line 200, in compile_nodelist
    return parser.parse()
           ^^^^^^^^^^^^^^
  File "K:\YandexDisk\razrab\Django\seminars\venv\Lib\site-packages\django\template\base.py", line 513, in parse
    raise self.error(token, e)
  File "K:\YandexDisk\razrab\Django\seminars\venv\Lib\site-packages\django\template\base.py", line 511, in parse
    compiled_result = compile_func(self, token)
                      ^^^^^^^^^^^^^^^^^^^^^^^^^
  File "K:\YandexDisk\razrab\Django\seminars\venv\Lib\site-packages\django\template\loader_tags.py", line 293, in do_extends
    nodelist = parser.parse()
               ^^^^^^^^^^^^^^
  File "K:\YandexDisk\razrab\Django\seminars\venv\Lib\site-packages\django\template\base.py", line 513, in parse
    raise self.error(token, e)
  File "K:\YandexDisk\razrab\Django\seminars\venv\Lib\site-packages\django\template\base.py", line 511, in parse
    compiled_result = compile_func(self, token)
                      ^^^^^^^^^^^^^^^^^^^^^^^^^
  File "K:\YandexDisk\razrab\Django\seminars\venv\Lib\site-packages\django\template\loader_tags.py", line 232, in do_block
    nodelist = parser.parse(("endblock",))
               ^^^^^^^^^^^^^^^^^^^^^^^^^^^
  File "K:\YandexDisk\razrab\Django\seminars\venv\Lib\site-packages\django\template\base.py", line 484, in parse
    raise self.error(token, e)
  File "K:\YandexDisk\razrab\Django\seminars\venv\Lib\site-packages\django\template\base.py", line 482, in parse
    filter_expression = self.compile_filter(token.contents)
                        ^^^^^^^^^^^^^^^^^^^^^^^^^^^^^^^^^^^
  File "K:\YandexDisk\razrab\Django\seminars\venv\Lib\site-packages\django\template\base.py", line 600, in compile_filter
    return FilterExpression(token, self)
           ^^^^^^^^^^^^^^^^^^^^^^^^^^^^^
  File "K:\YandexDisk\razrab\Django\seminars\venv\Lib\site-packages\django\template\base.py", line 703, in __init__
    raise TemplateSyntaxError(
django.template.exceptions.TemplateSyntaxError: Could not parse the remainder: '(result_list)' from 'len(result_list)'
ERROR 2023-08-01 22:56:58,472 basehttp 12004 12572 "GET /headsortails/10/ HTTP/1.1" 500 174854
INFO 2023-08-01 22:59:04,748 autoreload 12004 13688 K:\YandexDisk\razrab\Django\seminars\project_one\secondapp\views.py changed, reloading.
INFO 2023-08-01 22:59:05,827 autoreload 15944 4728 Watching for file changes with StatReloader
INFO 2023-08-01 22:59:07,930 basehttp 15944 15620 "GET /headsortails/10/ HTTP/1.1" 200 683
INFO 2023-08-01 22:59:20,028 basehttp 15944 15620 "GET /headsortails/10/ HTTP/1.1" 200 681
INFO 2023-08-01 22:59:30,070 basehttp 15944 15620 "GET /headsortails/30/ HTTP/1.1" 200 1481
INFO 2023-08-01 22:59:42,886 basehttp 15944 15620 "GET /dice/30/ HTTP/1.1" 200 1255
ERROR 2023-08-01 23:00:05,178 log 15944 15620 Internal Server Error: /randnumber/30/
Traceback (most recent call last):
  File "K:\YandexDisk\razrab\Django\seminars\venv\Lib\site-packages\django\core\handlers\exception.py", line 55, in inner
    response = get_response(request)
               ^^^^^^^^^^^^^^^^^^^^^
  File "K:\YandexDisk\razrab\Django\seminars\venv\Lib\site-packages\django\core\handlers\base.py", line 197, in _get_response
    response = wrapped_callback(request, *callback_args, **callback_kwargs)
               ^^^^^^^^^^^^^^^^^^^^^^^^^^^^^^^^^^^^^^^^^^^^^^^^^^^^^^^^^^^^
  File "K:\YandexDisk\razrab\Django\seminars\project_one\secondapp\views.py", line 35, in randnumber
    result_list = [randint(0, 100) for i in range(o, number)]
                                                  ^
NameError: name 'o' is not defined
ERROR 2023-08-01 23:00:05,181 basehttp 15944 15620 "GET /randnumber/30/ HTTP/1.1" 500 67310
INFO 2023-08-01 23:01:03,127 autoreload 15944 4728 K:\YandexDisk\razrab\Django\seminars\project_one\secondapp\views.py changed, reloading.
INFO 2023-08-01 23:01:04,072 autoreload 15272 3408 Watching for file changes with StatReloader
INFO 2023-08-01 23:01:06,612 basehttp 15272 4144 "GET /randnumber/30/ HTTP/1.1" 200 1293
INFO 2023-08-06 19:10:42,879 autoreload 1896 1164 Watching for file changes with StatReloader
INFO 2023-08-06 19:11:07,323 autoreload 1896 1164 K:\YandexDisk\razrab\Django\seminars\project_one\secondapp\urls.py changed, reloading.
INFO 2023-08-06 19:11:08,226 autoreload 2500 8928 Watching for file changes with StatReloader
INFO 2023-08-06 19:11:58,615 autoreload 2500 8928 K:\YandexDisk\razrab\Django\seminars\project_one\thirdapp\views.py changed, reloading.
INFO 2023-08-06 19:11:59,498 autoreload 10280 8868 Watching for file changes with StatReloader
INFO 2023-08-06 19:12:10,719 views 10280 11912 Index page accessed
INFO 2023-08-06 19:12:10,833 basehttp 10280 11912 "GET / HTTP/1.1" 200 367
WARNING 2023-08-06 19:12:11,908 log 10280 11912 Not Found: /favicon.ico
WARNING 2023-08-06 19:12:11,908 basehttp 10280 11912 "GET /favicon.ico HTTP/1.1" 404 3806
INFO 2023-08-06 19:12:25,429 basehttp 10280 14192 "GET /game_form HTTP/1.1" 301 0
ERROR 2023-08-06 19:12:26,045 log 10280 10188 Internal Server Error: /game_form/
Traceback (most recent call last):
  File "K:\YandexDisk\razrab\Django\seminars\venv\Lib\site-packages\django\core\handlers\exception.py", line 55, in inner
    response = get_response(request)
               ^^^^^^^^^^^^^^^^^^^^^
  File "K:\YandexDisk\razrab\Django\seminars\venv\Lib\site-packages\django\core\handlers\base.py", line 204, in _get_response
    self.check_response(response, callback)
  File "K:\YandexDisk\razrab\Django\seminars\venv\Lib\site-packages\django\core\handlers\base.py", line 332, in check_response
    raise ValueError(
ValueError: The view secondapp.views.game_form didn't return an HttpResponse object. It returned None instead.
ERROR 2023-08-06 19:12:26,047 basehttp 10280 10188 "GET /game_form/ HTTP/1.1" 500 68050
INFO 2023-08-06 19:14:07,483 autoreload 10280 8868 K:\YandexDisk\razrab\Django\seminars\project_one\secondapp\views.py changed, reloading.
INFO 2023-08-06 19:14:08,450 autoreload 11556 6880 Watching for file changes with StatReloader
ERROR 2023-08-06 19:14:12,739 log 11556 11268 Internal Server Error: /game_form/
Traceback (most recent call last):
  File "K:\YandexDisk\razrab\Django\seminars\venv\Lib\site-packages\django\core\handlers\exception.py", line 55, in inner
    response = get_response(request)
               ^^^^^^^^^^^^^^^^^^^^^
  File "K:\YandexDisk\razrab\Django\seminars\venv\Lib\site-packages\django\core\handlers\base.py", line 204, in _get_response
    self.check_response(response, callback)
  File "K:\YandexDisk\razrab\Django\seminars\venv\Lib\site-packages\django\core\handlers\base.py", line 332, in check_response
    raise ValueError(
ValueError: The view secondapp.views.game_form didn't return an HttpResponse object. It returned None instead.
ERROR 2023-08-06 19:14:12,743 basehttp 11556 11268 "GET /game_form/ HTTP/1.1" 500 68187
INFO 2023-08-06 19:16:08,267 autoreload 11556 6880 K:\YandexDisk\razrab\Django\seminars\project_one\secondapp\views.py changed, reloading.
INFO 2023-08-06 19:16:09,200 autoreload 2524 15448 Watching for file changes with StatReloader
INFO 2023-08-06 19:16:12,088 basehttp 2524 13788 "GET /game_form/ HTTP/1.1" 200 801
INFO 2023-08-06 19:16:27,387 views 2524 14192 Get game_type='dice', attempt_amount=20.
ERROR 2023-08-06 19:16:27,719 log 2524 14192 Internal Server Error: /game_form/
Traceback (most recent call last):
  File "K:\YandexDisk\razrab\Django\seminars\venv\Lib\site-packages\django\core\handlers\exception.py", line 55, in inner
    response = get_response(request)
               ^^^^^^^^^^^^^^^^^^^^^
  File "K:\YandexDisk\razrab\Django\seminars\venv\Lib\site-packages\django\core\handlers\base.py", line 197, in _get_response
    response = wrapped_callback(request, *callback_args, **callback_kwargs)
               ^^^^^^^^^^^^^^^^^^^^^^^^^^^^^^^^^^^^^^^^^^^^^^^^^^^^^^^^^^^^
  File "K:\YandexDisk\razrab\Django\seminars\project_one\secondapp\views.py", line 24, in game_form
    dice(request='POST', number=attempt_amount)
  File "K:\YandexDisk\razrab\Django\seminars\project_one\secondapp\views.py", line 50, in dice
    return render(request, 'secondapp/dice.html', context)
           ^^^^^^^^^^^^^^^^^^^^^^^^^^^^^^^^^^^^^^^^^^^^^^^
  File "K:\YandexDisk\razrab\Django\seminars\venv\Lib\site-packages\django\shortcuts.py", line 24, in render
    content = loader.render_to_string(template_name, context, request, using=using)
              ^^^^^^^^^^^^^^^^^^^^^^^^^^^^^^^^^^^^^^^^^^^^^^^^^^^^^^^^^^^^^^^^^^^^^
  File "K:\YandexDisk\razrab\Django\seminars\venv\Lib\site-packages\django\template\loader.py", line 62, in render_to_string
    return template.render(context, request)
           ^^^^^^^^^^^^^^^^^^^^^^^^^^^^^^^^^
  File "K:\YandexDisk\razrab\Django\seminars\venv\Lib\site-packages\django\template\backends\django.py", line 61, in render
    return self.template.render(context)
           ^^^^^^^^^^^^^^^^^^^^^^^^^^^^^
  File "K:\YandexDisk\razrab\Django\seminars\venv\Lib\site-packages\django\template\base.py", line 173, in render
    with context.bind_template(self):
  File "C:\Users\User\AppData\Local\Programs\Python\Python311\Lib\contextlib.py", line 137, in __enter__
    return next(self.gen)
           ^^^^^^^^^^^^^^
  File "K:\YandexDisk\razrab\Django\seminars\venv\Lib\site-packages\django\template\context.py", line 254, in bind_template
    updates.update(processor(self.request))
                   ^^^^^^^^^^^^^^^^^^^^^^^
  File "K:\YandexDisk\razrab\Django\seminars\venv\Lib\site-packages\django\template\context_processors.py", line 41, in debug
    if settings.DEBUG and request.META.get("REMOTE_ADDR") in settings.INTERNAL_IPS:
                          ^^^^^^^^^^^^
AttributeError: 'str' object has no attribute 'META'
ERROR 2023-08-06 19:16:27,729 basehttp 2524 14192 "POST /game_form/ HTTP/1.1" 500 103884
INFO 2023-08-06 19:17:11,671 autoreload 2524 15448 K:\YandexDisk\razrab\Django\seminars\project_one\secondapp\views.py changed, reloading.
INFO 2023-08-06 19:17:12,542 autoreload 10740 8456 Watching for file changes with StatReloader
INFO 2023-08-06 19:17:18,110 views 10740 12156 Get game_type='dice', attempt_amount=20.
ERROR 2023-08-06 19:17:18,179 log 10740 12156 Internal Server Error: /game_form/
Traceback (most recent call last):
  File "K:\YandexDisk\razrab\Django\seminars\venv\Lib\site-packages\django\core\handlers\exception.py", line 55, in inner
    response = get_response(request)
               ^^^^^^^^^^^^^^^^^^^^^
  File "K:\YandexDisk\razrab\Django\seminars\venv\Lib\site-packages\django\core\handlers\base.py", line 197, in _get_response
    response = wrapped_callback(request, *callback_args, **callback_kwargs)
               ^^^^^^^^^^^^^^^^^^^^^^^^^^^^^^^^^^^^^^^^^^^^^^^^^^^^^^^^^^^^
  File "K:\YandexDisk\razrab\Django\seminars\project_one\secondapp\views.py", line 24, in game_form
    dice(number=attempt_amount)
TypeError: dice() missing 1 required positional argument: 'request'
ERROR 2023-08-06 19:17:18,183 basehttp 10740 12156 "POST /game_form/ HTTP/1.1" 500 69561
INFO 2023-08-06 19:17:33,280 basehttp 10740 8164 "GET /game_form/ HTTP/1.1" 200 801
INFO 2023-08-06 19:17:38,138 views 10740 12008 Get game_type='coin', attempt_amount=20.
ERROR 2023-08-06 19:17:38,175 log 10740 12008 Internal Server Error: /game_form/
Traceback (most recent call last):
  File "K:\YandexDisk\razrab\Django\seminars\venv\Lib\site-packages\django\core\handlers\exception.py", line 55, in inner
    response = get_response(request)
               ^^^^^^^^^^^^^^^^^^^^^
  File "K:\YandexDisk\razrab\Django\seminars\venv\Lib\site-packages\django\core\handlers\base.py", line 197, in _get_response
    response = wrapped_callback(request, *callback_args, **callback_kwargs)
               ^^^^^^^^^^^^^^^^^^^^^^^^^^^^^^^^^^^^^^^^^^^^^^^^^^^^^^^^^^^^
  File "K:\YandexDisk\razrab\Django\seminars\project_one\secondapp\views.py", line 22, in game_form
    headsortails(number=attempt_amount)
TypeError: headsortails() missing 1 required positional argument: 'request'
ERROR 2023-08-06 19:17:38,178 basehttp 10740 12008 "POST /game_form/ HTTP/1.1" 500 69587
INFO 2023-08-06 19:18:56,454 autoreload 10740 8456 K:\YandexDisk\razrab\Django\seminars\project_one\secondapp\views.py changed, reloading.
INFO 2023-08-06 19:18:57,395 autoreload 6956 9236 Watching for file changes with StatReloader
INFO 2023-08-06 19:19:02,501 views 6956 15940 Get game_type='coin', attempt_amount=20.
ERROR 2023-08-06 19:19:02,643 log 6956 15940 Internal Server Error: /game_form/
Traceback (most recent call last):
  File "K:\YandexDisk\razrab\Django\seminars\venv\Lib\site-packages\django\core\handlers\exception.py", line 55, in inner
    response = get_response(request)
               ^^^^^^^^^^^^^^^^^^^^^
  File "K:\YandexDisk\razrab\Django\seminars\venv\Lib\site-packages\django\core\handlers\base.py", line 197, in _get_response
    response = wrapped_callback(request, *callback_args, **callback_kwargs)
               ^^^^^^^^^^^^^^^^^^^^^^^^^^^^^^^^^^^^^^^^^^^^^^^^^^^^^^^^^^^^
  File "K:\YandexDisk\razrab\Django\seminars\project_one\secondapp\views.py", line 22, in game_form
    headsortails(request='GET', number=attempt_amount)
  File "K:\YandexDisk\razrab\Django\seminars\project_one\secondapp\views.py", line 41, in headsortails
    return render(request, 'secondapp/headsortails.html', context)
           ^^^^^^^^^^^^^^^^^^^^^^^^^^^^^^^^^^^^^^^^^^^^^^^^^^^^^^^
  File "K:\YandexDisk\razrab\Django\seminars\venv\Lib\site-packages\django\shortcuts.py", line 24, in render
    content = loader.render_to_string(template_name, context, request, using=using)
              ^^^^^^^^^^^^^^^^^^^^^^^^^^^^^^^^^^^^^^^^^^^^^^^^^^^^^^^^^^^^^^^^^^^^^
  File "K:\YandexDisk\razrab\Django\seminars\venv\Lib\site-packages\django\template\loader.py", line 62, in render_to_string
    return template.render(context, request)
           ^^^^^^^^^^^^^^^^^^^^^^^^^^^^^^^^^
  File "K:\YandexDisk\razrab\Django\seminars\venv\Lib\site-packages\django\template\backends\django.py", line 61, in render
    return self.template.render(context)
           ^^^^^^^^^^^^^^^^^^^^^^^^^^^^^
  File "K:\YandexDisk\razrab\Django\seminars\venv\Lib\site-packages\django\template\base.py", line 173, in render
    with context.bind_template(self):
  File "C:\Users\User\AppData\Local\Programs\Python\Python311\Lib\contextlib.py", line 137, in __enter__
    return next(self.gen)
           ^^^^^^^^^^^^^^
  File "K:\YandexDisk\razrab\Django\seminars\venv\Lib\site-packages\django\template\context.py", line 254, in bind_template
    updates.update(processor(self.request))
                   ^^^^^^^^^^^^^^^^^^^^^^^
  File "K:\YandexDisk\razrab\Django\seminars\venv\Lib\site-packages\django\template\context_processors.py", line 41, in debug
    if settings.DEBUG and request.META.get("REMOTE_ADDR") in settings.INTERNAL_IPS:
                          ^^^^^^^^^^^^
AttributeError: 'str' object has no attribute 'META'
ERROR 2023-08-06 19:19:02,652 basehttp 6956 15940 "POST /game_form/ HTTP/1.1" 500 107740
INFO 2023-08-06 19:19:41,916 autoreload 6956 9236 K:\YandexDisk\razrab\Django\seminars\project_one\secondapp\views.py changed, reloading.
INFO 2023-08-06 19:19:45,041 autoreload 12928 7160 Watching for file changes with StatReloader
INFO 2023-08-06 19:22:00,309 autoreload 12928 7160 K:\YandexDisk\razrab\Django\seminars\project_one\secondapp\views.py changed, reloading.
INFO 2023-08-06 19:22:01,487 autoreload 724 13348 Watching for file changes with StatReloader
INFO 2023-08-06 19:23:04,910 autoreload 724 13348 K:\YandexDisk\razrab\Django\seminars\project_one\secondapp\views.py changed, reloading.
INFO 2023-08-06 19:23:05,808 autoreload 11940 10576 Watching for file changes with StatReloader
INFO 2023-08-06 19:23:12,803 views 11940 3388 Get game_type='coin', attempt_amount=20.
ERROR 2023-08-06 19:23:13,064 log 11940 3388 Internal Server Error: /game_form/
Traceback (most recent call last):
  File "K:\YandexDisk\razrab\Django\seminars\venv\Lib\site-packages\django\core\handlers\exception.py", line 55, in inner
    response = get_response(request)
               ^^^^^^^^^^^^^^^^^^^^^
  File "K:\YandexDisk\razrab\Django\seminars\venv\Lib\site-packages\django\core\handlers\base.py", line 197, in _get_response
    response = wrapped_callback(request, *callback_args, **callback_kwargs)
               ^^^^^^^^^^^^^^^^^^^^^^^^^^^^^^^^^^^^^^^^^^^^^^^^^^^^^^^^^^^^
  File "K:\YandexDisk\razrab\Django\seminars\project_one\secondapp\views.py", line 22, in game_form
    headsortails(request.method, number=attempt_amount)
  File "K:\YandexDisk\razrab\Django\seminars\project_one\secondapp\views.py", line 41, in headsortails
    return render(request, 'secondapp/headsortails.html', context)
           ^^^^^^^^^^^^^^^^^^^^^^^^^^^^^^^^^^^^^^^^^^^^^^^^^^^^^^^
  File "K:\YandexDisk\razrab\Django\seminars\venv\Lib\site-packages\django\shortcuts.py", line 24, in render
    content = loader.render_to_string(template_name, context, request, using=using)
              ^^^^^^^^^^^^^^^^^^^^^^^^^^^^^^^^^^^^^^^^^^^^^^^^^^^^^^^^^^^^^^^^^^^^^
  File "K:\YandexDisk\razrab\Django\seminars\venv\Lib\site-packages\django\template\loader.py", line 62, in render_to_string
    return template.render(context, request)
           ^^^^^^^^^^^^^^^^^^^^^^^^^^^^^^^^^
  File "K:\YandexDisk\razrab\Django\seminars\venv\Lib\site-packages\django\template\backends\django.py", line 61, in render
    return self.template.render(context)
           ^^^^^^^^^^^^^^^^^^^^^^^^^^^^^
  File "K:\YandexDisk\razrab\Django\seminars\venv\Lib\site-packages\django\template\base.py", line 173, in render
    with context.bind_template(self):
  File "C:\Users\User\AppData\Local\Programs\Python\Python311\Lib\contextlib.py", line 137, in __enter__
    return next(self.gen)
           ^^^^^^^^^^^^^^
  File "K:\YandexDisk\razrab\Django\seminars\venv\Lib\site-packages\django\template\context.py", line 254, in bind_template
    updates.update(processor(self.request))
                   ^^^^^^^^^^^^^^^^^^^^^^^
  File "K:\YandexDisk\razrab\Django\seminars\venv\Lib\site-packages\django\template\context_processors.py", line 41, in debug
    if settings.DEBUG and request.META.get("REMOTE_ADDR") in settings.INTERNAL_IPS:
                          ^^^^^^^^^^^^
AttributeError: 'str' object has no attribute 'META'
ERROR 2023-08-06 19:23:13,073 basehttp 11940 3388 "POST /game_form/ HTTP/1.1" 500 107725
INFO 2023-08-06 19:24:22,445 autoreload 11940 10576 K:\YandexDisk\razrab\Django\seminars\project_one\secondapp\views.py changed, reloading.
INFO 2023-08-06 19:24:23,367 autoreload 13788 14072 Watching for file changes with StatReloader
INFO 2023-08-06 19:24:28,797 views 13788 5592 Get game_type='coin', attempt_amount=20.
ERROR 2023-08-06 19:24:28,878 log 13788 5592 Internal Server Error: /game_form/
Traceback (most recent call last):
  File "K:\YandexDisk\razrab\Django\seminars\venv\Lib\site-packages\django\core\handlers\exception.py", line 55, in inner
    response = get_response(request)
               ^^^^^^^^^^^^^^^^^^^^^
  File "K:\YandexDisk\razrab\Django\seminars\venv\Lib\site-packages\django\core\handlers\base.py", line 204, in _get_response
    self.check_response(response, callback)
  File "K:\YandexDisk\razrab\Django\seminars\venv\Lib\site-packages\django\core\handlers\base.py", line 332, in check_response
    raise ValueError(
ValueError: The view secondapp.views.game_form didn't return an HttpResponse object. It returned None instead.
ERROR 2023-08-06 19:24:28,881 basehttp 13788 5592 "POST /game_form/ HTTP/1.1" 500 69754
INFO 2023-08-06 19:25:09,819 autoreload 13788 14072 K:\YandexDisk\razrab\Django\seminars\project_one\secondapp\views.py changed, reloading.
INFO 2023-08-06 19:25:10,873 autoreload 8008 8556 Watching for file changes with StatReloader
INFO 2023-08-06 19:25:14,404 basehttp 8008 1952 "GET /game_form/ HTTP/1.1" 200 801
INFO 2023-08-06 19:25:20,407 views 8008 14220 Get game_type='coin', attempt_amount=5.
INFO 2023-08-06 19:25:20,418 basehttp 8008 14220 "POST /game_form/ HTTP/1.1" 200 820
INFO 2023-08-06 19:25:44,879 views 8008 12860 Get game_type='dice', attempt_amount=5.
INFO 2023-08-06 19:25:44,884 basehttp 8008 12860 "POST /game_form/ HTTP/1.1" 200 820
INFO 2023-08-06 19:27:21,182 autoreload 8008 8556 K:\YandexDisk\razrab\Django\seminars\project_one\secondapp\views.py changed, reloading.
INFO 2023-08-06 19:27:22,101 autoreload 8348 8820 Watching for file changes with StatReloader
INFO 2023-08-06 19:27:24,532 views 8348 9260 Get game_type='dice', attempt_amount=5.
ERROR 2023-08-06 19:27:24,606 log 8348 9260 Internal Server Error: /game_form/
Traceback (most recent call last):
  File "K:\YandexDisk\razrab\Django\seminars\venv\Lib\site-packages\django\core\handlers\exception.py", line 55, in inner
    response = get_response(request)
               ^^^^^^^^^^^^^^^^^^^^^
  File "K:\YandexDisk\razrab\Django\seminars\venv\Lib\site-packages\django\core\handlers\base.py", line 204, in _get_response
    self.check_response(response, callback)
  File "K:\YandexDisk\razrab\Django\seminars\venv\Lib\site-packages\django\core\handlers\base.py", line 332, in check_response
    raise ValueError(
ValueError: The view secondapp.views.game_form didn't return an HttpResponse object. It returned None instead.
ERROR 2023-08-06 19:27:24,609 basehttp 8348 9260 "POST /game_form/ HTTP/1.1" 500 69753
INFO 2023-08-06 19:34:25,081 autoreload 8348 8820 K:\YandexDisk\razrab\Django\seminars\project_one\secondapp\views.py changed, reloading.
INFO 2023-08-06 19:34:26,067 autoreload 15024 7536 Watching for file changes with StatReloader
INFO 2023-08-06 19:34:31,516 views 15024 824 Get game_type='dice', attempt_amount=5.
ERROR 2023-08-06 19:34:31,653 log 15024 824 Internal Server Error: /game_form/
Traceback (most recent call last):
  File "K:\YandexDisk\razrab\Django\seminars\venv\Lib\site-packages\django\core\handlers\exception.py", line 55, in inner
    response = get_response(request)
               ^^^^^^^^^^^^^^^^^^^^^
  File "K:\YandexDisk\razrab\Django\seminars\venv\Lib\site-packages\django\core\handlers\base.py", line 197, in _get_response
    response = wrapped_callback(request, *callback_args, **callback_kwargs)
               ^^^^^^^^^^^^^^^^^^^^^^^^^^^^^^^^^^^^^^^^^^^^^^^^^^^^^^^^^^^^
  File "K:\YandexDisk\razrab\Django\seminars\project_one\secondapp\views.py", line 24, in game_form
    dice(HttpRequest, number=attempt_amount)
  File "K:\YandexDisk\razrab\Django\seminars\project_one\secondapp\views.py", line 50, in dice
    return render(request, 'secondapp/dice.html', context)
           ^^^^^^^^^^^^^^^^^^^^^^^^^^^^^^^^^^^^^^^^^^^^^^^
  File "K:\YandexDisk\razrab\Django\seminars\venv\Lib\site-packages\django\shortcuts.py", line 24, in render
    content = loader.render_to_string(template_name, context, request, using=using)
              ^^^^^^^^^^^^^^^^^^^^^^^^^^^^^^^^^^^^^^^^^^^^^^^^^^^^^^^^^^^^^^^^^^^^^
  File "K:\YandexDisk\razrab\Django\seminars\venv\Lib\site-packages\django\template\loader.py", line 62, in render_to_string
    return template.render(context, request)
           ^^^^^^^^^^^^^^^^^^^^^^^^^^^^^^^^^
  File "K:\YandexDisk\razrab\Django\seminars\venv\Lib\site-packages\django\template\backends\django.py", line 61, in render
    return self.template.render(context)
           ^^^^^^^^^^^^^^^^^^^^^^^^^^^^^
  File "K:\YandexDisk\razrab\Django\seminars\venv\Lib\site-packages\django\template\base.py", line 173, in render
    with context.bind_template(self):
  File "C:\Users\User\AppData\Local\Programs\Python\Python311\Lib\contextlib.py", line 137, in __enter__
    return next(self.gen)
           ^^^^^^^^^^^^^^
  File "K:\YandexDisk\razrab\Django\seminars\venv\Lib\site-packages\django\template\context.py", line 254, in bind_template
    updates.update(processor(self.request))
                   ^^^^^^^^^^^^^^^^^^^^^^^
  File "K:\YandexDisk\razrab\Django\seminars\venv\Lib\site-packages\django\template\context_processors.py", line 41, in debug
    if settings.DEBUG and request.META.get("REMOTE_ADDR") in settings.INTERNAL_IPS:
                          ^^^^^^^^^^^^
AttributeError: type object 'HttpRequest' has no attribute 'META'
ERROR 2023-08-06 19:34:31,662 basehttp 15024 824 "POST /game_form/ HTTP/1.1" 500 103756
INFO 2023-08-06 19:36:16,817 autoreload 15024 7536 K:\YandexDisk\razrab\Django\seminars\project_one\secondapp\views.py changed, reloading.
INFO 2023-08-06 19:36:17,754 autoreload 5976 4872 Watching for file changes with StatReloader
INFO 2023-08-06 19:36:23,030 views 5976 8568 Index page accessed
INFO 2023-08-06 19:36:23,043 basehttp 5976 8568 "GET / HTTP/1.1" 200 367
INFO 2023-08-06 19:36:40,522 basehttp 5976 13144 "GET /game_form/ HTTP/1.1" 200 801
INFO 2023-08-06 19:36:44,563 views 5976 13144 Get game_type='coin', attempt_amount=5.
ERROR 2023-08-06 19:36:44,659 log 5976 13144 Internal Server Error: /game_form/
Traceback (most recent call last):
  File "K:\YandexDisk\razrab\Django\seminars\venv\Lib\site-packages\django\core\handlers\exception.py", line 55, in inner
    response = get_response(request)
               ^^^^^^^^^^^^^^^^^^^^^
  File "K:\YandexDisk\razrab\Django\seminars\venv\Lib\site-packages\django\core\handlers\base.py", line 197, in _get_response
    response = wrapped_callback(request, *callback_args, **callback_kwargs)
               ^^^^^^^^^^^^^^^^^^^^^^^^^^^^^^^^^^^^^^^^^^^^^^^^^^^^^^^^^^^^
  File "K:\YandexDisk\razrab\Django\seminars\project_one\secondapp\views.py", line 22, in game_form
    headsortails(HttpResponse, number=attempt_amount)
  File "K:\YandexDisk\razrab\Django\seminars\project_one\secondapp\views.py", line 41, in headsortails
    return render(request, 'secondapp/headsortails.html', context)
           ^^^^^^^^^^^^^^^^^^^^^^^^^^^^^^^^^^^^^^^^^^^^^^^^^^^^^^^
  File "K:\YandexDisk\razrab\Django\seminars\venv\Lib\site-packages\django\shortcuts.py", line 24, in render
    content = loader.render_to_string(template_name, context, request, using=using)
              ^^^^^^^^^^^^^^^^^^^^^^^^^^^^^^^^^^^^^^^^^^^^^^^^^^^^^^^^^^^^^^^^^^^^^
  File "K:\YandexDisk\razrab\Django\seminars\venv\Lib\site-packages\django\template\loader.py", line 62, in render_to_string
    return template.render(context, request)
           ^^^^^^^^^^^^^^^^^^^^^^^^^^^^^^^^^
  File "K:\YandexDisk\razrab\Django\seminars\venv\Lib\site-packages\django\template\backends\django.py", line 61, in render
    return self.template.render(context)
           ^^^^^^^^^^^^^^^^^^^^^^^^^^^^^
  File "K:\YandexDisk\razrab\Django\seminars\venv\Lib\site-packages\django\template\base.py", line 173, in render
    with context.bind_template(self):
  File "C:\Users\User\AppData\Local\Programs\Python\Python311\Lib\contextlib.py", line 137, in __enter__
    return next(self.gen)
           ^^^^^^^^^^^^^^
  File "K:\YandexDisk\razrab\Django\seminars\venv\Lib\site-packages\django\template\context.py", line 254, in bind_template
    updates.update(processor(self.request))
                   ^^^^^^^^^^^^^^^^^^^^^^^
  File "K:\YandexDisk\razrab\Django\seminars\venv\Lib\site-packages\django\template\context_processors.py", line 41, in debug
    if settings.DEBUG and request.META.get("REMOTE_ADDR") in settings.INTERNAL_IPS:
                          ^^^^^^^^^^^^
AttributeError: type object 'HttpResponse' has no attribute 'META'
ERROR 2023-08-06 19:36:44,667 basehttp 5976 13144 "POST /game_form/ HTTP/1.1" 500 104590
INFO 2023-08-06 19:38:06,850 autoreload 5976 4872 K:\YandexDisk\razrab\Django\seminars\project_one\secondapp\views.py changed, reloading.
INFO 2023-08-06 19:38:08,026 autoreload 12416 14836 Watching for file changes with StatReloader
INFO 2023-08-06 19:38:13,728 views 12416 14592 Get game_type='coin', attempt_amount=5.
ERROR 2023-08-06 19:38:13,804 log 12416 14592 Internal Server Error: /game_form/
Traceback (most recent call last):
  File "K:\YandexDisk\razrab\Django\seminars\venv\Lib\site-packages\django\core\handlers\exception.py", line 55, in inner
    response = get_response(request)
               ^^^^^^^^^^^^^^^^^^^^^
  File "K:\YandexDisk\razrab\Django\seminars\venv\Lib\site-packages\django\core\handlers\base.py", line 204, in _get_response
    self.check_response(response, callback)
  File "K:\YandexDisk\razrab\Django\seminars\venv\Lib\site-packages\django\core\handlers\base.py", line 332, in check_response
    raise ValueError(
ValueError: The view secondapp.views.game_form didn't return an HttpResponse object. It returned None instead.
ERROR 2023-08-06 19:38:13,807 basehttp 12416 14592 "POST /game_form/ HTTP/1.1" 500 69753
INFO 2023-08-06 20:31:06,167 autoreload 11164 9732 Watching for file changes with StatReloader
INFO 2023-08-06 20:31:08,767 views 11164 11516 Index page accessed
INFO 2023-08-06 20:31:08,775 basehttp 11164 11516 "GET / HTTP/1.1" 200 367
INFO 2023-08-06 20:31:21,141 basehttp 11164 6276 "GET /game_form/ HTTP/1.1" 200 801
INFO 2023-08-06 20:31:28,050 views 11164 6252 Get game_type='coin', attempt_amount=5.
INFO 2023-08-06 20:31:28,070 basehttp 11164 6252 "POST /game_form/ HTTP/1.1" 200 477
INFO 2023-08-07 18:27:11,107 autoreload 1664 14660 Watching for file changes with StatReloader
INFO 2023-08-07 18:27:33,969 autoreload 1664 14660 K:\YandexDisk\razrab\Django\seminars\project_one\thirdapp\urls.py changed, reloading.
INFO 2023-08-07 18:27:34,974 autoreload 7256 14104 Watching for file changes with StatReloader
INFO 2023-08-07 18:27:54,635 autoreload 7256 14104 K:\YandexDisk\razrab\Django\seminars\project_one\thirdapp\urls.py changed, reloading.
INFO 2023-08-07 18:27:55,543 autoreload 16372 4656 Watching for file changes with StatReloader
INFO 2023-08-07 18:28:00,966 views 16372 14816 Index page accessed
INFO 2023-08-07 18:28:03,187 basehttp 16372 14816 "GET / HTTP/1.1" 200 367
WARNING 2023-08-07 18:28:04,530 log 16372 14816 Not Found: /favicon.ico
WARNING 2023-08-07 18:28:04,530 basehttp 16372 14816 "GET /favicon.ico HTTP/1.1" 404 4162
INFO 2023-08-07 18:28:17,048 basehttp 16372 1380 "GET /author_add HTTP/1.1" 301 0
ERROR 2023-08-07 18:28:18,195 log 16372 1348 Internal Server Error: /author_add/
Traceback (most recent call last):
  File "K:\YandexDisk\razrab\Django\seminars\venv\Lib\site-packages\django\template\base.py", line 505, in parse
    compile_func = self.tags[command]
                   ~~~~~~~~~^^^^^^^^^
KeyError: 'csrf'

During handling of the above exception, another exception occurred:

Traceback (most recent call last):
  File "K:\YandexDisk\razrab\Django\seminars\venv\Lib\site-packages\django\core\handlers\exception.py", line 55, in inner
    response = get_response(request)
               ^^^^^^^^^^^^^^^^^^^^^
  File "K:\YandexDisk\razrab\Django\seminars\venv\Lib\site-packages\django\core\handlers\base.py", line 197, in _get_response
    response = wrapped_callback(request, *callback_args, **callback_kwargs)
               ^^^^^^^^^^^^^^^^^^^^^^^^^^^^^^^^^^^^^^^^^^^^^^^^^^^^^^^^^^^^
  File "K:\YandexDisk\razrab\Django\seminars\project_one\thirdapp\views.py", line 19, in author_add
    return render(request, 'thirdapp/author_add.html', {'form': form})
           ^^^^^^^^^^^^^^^^^^^^^^^^^^^^^^^^^^^^^^^^^^^^^^^^^^^^^^^^^^^
  File "K:\YandexDisk\razrab\Django\seminars\venv\Lib\site-packages\django\shortcuts.py", line 24, in render
    content = loader.render_to_string(template_name, context, request, using=using)
              ^^^^^^^^^^^^^^^^^^^^^^^^^^^^^^^^^^^^^^^^^^^^^^^^^^^^^^^^^^^^^^^^^^^^^
  File "K:\YandexDisk\razrab\Django\seminars\venv\Lib\site-packages\django\template\loader.py", line 61, in render_to_string
    template = get_template(template_name, using=using)
               ^^^^^^^^^^^^^^^^^^^^^^^^^^^^^^^^^^^^^^^^
  File "K:\YandexDisk\razrab\Django\seminars\venv\Lib\site-packages\django\template\loader.py", line 15, in get_template
    return engine.get_template(template_name)
           ^^^^^^^^^^^^^^^^^^^^^^^^^^^^^^^^^^
  File "K:\YandexDisk\razrab\Django\seminars\venv\Lib\site-packages\django\template\backends\django.py", line 33, in get_template
    return Template(self.engine.get_template(template_name), self)
                    ^^^^^^^^^^^^^^^^^^^^^^^^^^^^^^^^^^^^^^^
  File "K:\YandexDisk\razrab\Django\seminars\venv\Lib\site-packages\django\template\engine.py", line 175, in get_template
    template, origin = self.find_template(template_name)
                       ^^^^^^^^^^^^^^^^^^^^^^^^^^^^^^^^^
  File "K:\YandexDisk\razrab\Django\seminars\venv\Lib\site-packages\django\template\engine.py", line 157, in find_template
    template = loader.get_template(name, skip=skip)
               ^^^^^^^^^^^^^^^^^^^^^^^^^^^^^^^^^^^^
  File "K:\YandexDisk\razrab\Django\seminars\venv\Lib\site-packages\django\template\loaders\cached.py", line 57, in get_template
    template = super().get_template(template_name, skip)
               ^^^^^^^^^^^^^^^^^^^^^^^^^^^^^^^^^^^^^^^^^
  File "K:\YandexDisk\razrab\Django\seminars\venv\Lib\site-packages\django\template\loaders\base.py", line 28, in get_template
    return Template(
           ^^^^^^^^^
  File "K:\YandexDisk\razrab\Django\seminars\venv\Lib\site-packages\django\template\base.py", line 154, in __init__
    self.nodelist = self.compile_nodelist()
                    ^^^^^^^^^^^^^^^^^^^^^^^
  File "K:\YandexDisk\razrab\Django\seminars\venv\Lib\site-packages\django\template\base.py", line 200, in compile_nodelist
    return parser.parse()
           ^^^^^^^^^^^^^^
  File "K:\YandexDisk\razrab\Django\seminars\venv\Lib\site-packages\django\template\base.py", line 507, in parse
    self.invalid_block_tag(token, command, parse_until)
  File "K:\YandexDisk\razrab\Django\seminars\venv\Lib\site-packages\django\template\base.py", line 568, in invalid_block_tag
    raise self.error(
django.template.exceptions.TemplateSyntaxError: Invalid block tag on line 11: 'csrf'. Did you forget to register or load this tag?
ERROR 2023-08-07 18:28:18,217 basehttp 16372 1348 "GET /author_add/ HTTP/1.1" 500 135916
INFO 2023-08-07 18:34:02,118 autoreload 9616 11864 Watching for file changes with StatReloader
INFO 2023-08-07 18:34:23,126 basehttp 9616 12536 "GET /author_add/ HTTP/1.1" 200 1100
ERROR 2023-08-07 18:35:15,489 log 9616 2628 Internal Server Error: /author_add/
Traceback (most recent call last):
  File "K:\YandexDisk\razrab\Django\seminars\venv\Lib\site-packages\django\core\handlers\exception.py", line 55, in inner
    response = get_response(request)
               ^^^^^^^^^^^^^^^^^^^^^
  File "K:\YandexDisk\razrab\Django\seminars\venv\Lib\site-packages\django\core\handlers\base.py", line 197, in _get_response
    response = wrapped_callback(request, *callback_args, **callback_kwargs)
               ^^^^^^^^^^^^^^^^^^^^^^^^^^^^^^^^^^^^^^^^^^^^^^^^^^^^^^^^^^^^
  File "K:\YandexDisk\razrab\Django\seminars\project_one\thirdapp\views.py", line 14, in author_add
    biography=form.cleaned_data['biography'],
              ~~~~~~~~~~~~~~~~~^^^^^^^^^^^^^
KeyError: 'biography'
ERROR 2023-08-07 18:35:15,492 basehttp 9616 2628 "POST /author_add/ HTTP/1.1" 500 69425
INFO 2023-08-07 18:42:44,485 autoreload 9616 11864 K:\YandexDisk\razrab\Django\seminars\project_one\thirdapp\forms.py changed, reloading.
INFO 2023-08-07 18:42:45,683 autoreload 8300 13976 Watching for file changes with StatReloader
INFO 2023-08-07 18:47:40,172 autoreload 8300 13976 K:\YandexDisk\razrab\Django\seminars\project_one\thirdapp\forms.py changed, reloading.
INFO 2023-08-07 18:47:41,363 autoreload 8972 1620 Watching for file changes with StatReloader
INFO 2023-08-07 18:47:53,117 basehttp 8972 5628 "GET /author_add/ HTTP/1.1" 200 1267
ERROR 2023-08-07 18:48:46,640 log 8972 8256 Internal Server Error: /author_add/
Traceback (most recent call last):
  File "K:\YandexDisk\razrab\Django\seminars\venv\Lib\site-packages\django\core\handlers\exception.py", line 55, in inner
    response = get_response(request)
               ^^^^^^^^^^^^^^^^^^^^^
  File "K:\YandexDisk\razrab\Django\seminars\venv\Lib\site-packages\django\core\handlers\base.py", line 204, in _get_response
    self.check_response(response, callback)
  File "K:\YandexDisk\razrab\Django\seminars\venv\Lib\site-packages\django\core\handlers\base.py", line 332, in check_response
    raise ValueError(
ValueError: The view thirdapp.views.author_add didn't return an HttpResponse object. It returned None instead.
ERROR 2023-08-07 18:48:46,643 basehttp 8972 8256 "POST /author_add/ HTTP/1.1" 500 70208
INFO 2023-08-07 18:53:51,730 autoreload 8972 1620 K:\YandexDisk\razrab\Django\seminars\project_one\thirdapp\views.py changed, reloading.
INFO 2023-08-07 18:53:53,101 autoreload 7424 828 Watching for file changes with StatReloader
INFO 2023-08-07 18:58:53,860 autoreload 7424 828 K:\YandexDisk\razrab\Django\seminars\project_one\thirdapp\views.py changed, reloading.
INFO 2023-08-07 18:58:55,177 autoreload 6392 2756 Watching for file changes with StatReloader
INFO 2023-08-07 18:59:14,263 basehttp 6392 7312 "POST /author_add/ HTTP/1.1" 200 69
INFO 2023-08-07 18:59:27,279 basehttp 6392 6604 "GET /author_add/ HTTP/1.1" 200 1267
INFO 2023-08-07 19:00:27,415 basehttp 6392 15468 "POST /author_add/ HTTP/1.1" 200 67
INFO 2023-08-07 19:00:42,995 basehttp 6392 5052 "POST /author_add/ HTTP/1.1" 200 67
INFO 2023-08-07 19:00:49,667 basehttp 6392 14180 "GET /author_add/ HTTP/1.1" 200 1267
INFO 2023-08-07 19:02:00,714 basehttp 6392 6556 "POST /author_add/ HTTP/1.1" 200 75
INFO 2023-08-07 19:02:24,792 basehttp 6392 8520 "GET /article_add/ HTTP/1.1" 200 1082
ERROR 2023-08-07 19:03:00,276 log 6392 7256 Internal Server Error: /article_add/
Traceback (most recent call last):
  File "K:\YandexDisk\razrab\Django\seminars\venv\Lib\site-packages\django\core\handlers\exception.py", line 55, in inner
    response = get_response(request)
               ^^^^^^^^^^^^^^^^^^^^^
  File "K:\YandexDisk\razrab\Django\seminars\venv\Lib\site-packages\django\core\handlers\base.py", line 197, in _get_response
    response = wrapped_callback(request, *callback_args, **callback_kwargs)
               ^^^^^^^^^^^^^^^^^^^^^^^^^^^^^^^^^^^^^^^^^^^^^^^^^^^^^^^^^^^^
  File "K:\YandexDisk\razrab\Django\seminars\project_one\thirdapp\views.py", line 29, in article_add
    content=form.cleaned_data['content'],
            ~~~~~~~~~~~~~~~~~^^^^^^^^^^^
KeyError: 'content'
ERROR 2023-08-07 19:03:00,281 basehttp 6392 7256 "POST /article_add/ HTTP/1.1" 500 69417
INFO 2023-08-10 18:42:08,486 autoreload 6992 18204 Watching for file changes with StatReloader
INFO 2023-08-10 18:43:11,607 autoreload 6992 18204 K:\YandexDisk\razrab\Django\seminars\project_one\thirdapp\views.py changed, reloading.
INFO 2023-08-10 18:43:12,594 autoreload 6412 18072 Watching for file changes with StatReloader
INFO 2023-08-10 18:44:17,388 autoreload 13572 20432 Watching for file changes with StatReloader
INFO 2023-08-10 18:44:35,166 views 13572 6792 Index page accessed
INFO 2023-08-10 18:44:35,524 basehttp 13572 6792 "GET / HTTP/1.1" 200 367
WARNING 2023-08-10 18:44:37,771 log 13572 6792 Not Found: /favicon.ico
WARNING 2023-08-10 18:44:37,773 basehttp 13572 6792 "GET /favicon.ico HTTP/1.1" 404 4162
INFO 2023-08-10 18:44:50,734 basehttp 13572 1260 "GET /admin HTTP/1.1" 301 0
INFO 2023-08-10 18:44:50,789 basehttp 13572 16680 "GET /admin/ HTTP/1.1" 302 0
INFO 2023-08-10 18:44:51,416 basehttp 13572 16680 "GET /admin/login/?next=/admin/ HTTP/1.1" 200 4181
INFO 2023-08-10 18:44:51,776 basehttp 13572 16680 "GET /static/admin/css/base.css HTTP/1.1" 200 21207
INFO 2023-08-10 18:44:51,848 basehttp 13572 18176 "GET /static/admin/css/login.css HTTP/1.1" 200 958
INFO 2023-08-10 18:44:51,924 basehttp 13572 18392 "GET /static/admin/css/dark_mode.css HTTP/1.1" 200 2929
INFO 2023-08-10 18:44:51,926 basehttp 13572 18712 "GET /static/admin/css/nav_sidebar.css HTTP/1.1" 200 2694
INFO 2023-08-10 18:44:51,926 basehttp 13572 20208 "GET /static/admin/css/responsive.css HTTP/1.1" 200 18533
INFO 2023-08-10 18:44:52,231 basehttp 13572 20208 "GET /static/admin/js/theme.js HTTP/1.1" 200 1943
INFO 2023-08-10 18:44:52,271 basehttp 13572 18392 "GET /static/admin/js/nav_sidebar.js HTTP/1.1" 200 3063
INFO 2023-08-10 18:47:46,902 autoreload 13572 20432 K:\YandexDisk\razrab\Django\seminars\project_one\project_one\settings.py changed, reloading.
INFO 2023-08-10 18:47:49,731 autoreload 14068 15328 Watching for file changes with StatReloader
INFO 2023-08-10 18:48:18,936 autoreload 14068 15328 K:\YandexDisk\razrab\Django\seminars\project_one\fourthapp\views.py changed, reloading.
INFO 2023-08-10 18:48:19,887 autoreload 16240 7920 Watching for file changes with StatReloader
INFO 2023-08-10 18:50:17,069 autoreload 744 17304 Watching for file changes with StatReloader
INFO 2023-08-10 18:50:27,321 basehttp 744 15760 "GET /admin/login/?next=/admin/ HTTP/1.1" 200 4267
INFO 2023-08-10 18:50:37,368 basehttp 744 13256 "POST /admin/login/?next=/admin/ HTTP/1.1" 302 0
INFO 2023-08-10 18:50:37,683 basehttp 744 13256 "GET /admin/ HTTP/1.1" 200 5852
INFO 2023-08-10 18:50:37,880 basehttp 744 13256 "GET /static/admin/css/dashboard.css HTTP/1.1" 200 441
INFO 2023-08-10 18:50:38,002 basehttp 744 13256 "GET /static/admin/img/icon-addlink.svg HTTP/1.1" 200 331
INFO 2023-08-10 18:50:38,056 basehttp 744 20164 "GET /static/admin/img/icon-changelink.svg HTTP/1.1" 200 380
INFO 2023-08-10 18:58:34,626 autoreload 10472 18952 Watching for file changes with StatReloader
INFO 2023-08-10 18:58:37,533 basehttp 10472 16928 "GET /admin/ HTTP/1.1" 200 5852
INFO 2023-08-10 19:04:06,121 autoreload 10472 18952 K:\YandexDisk\razrab\Django\seminars\project_one\thirdapp\admin.py changed, reloading.
INFO 2023-08-10 19:04:07,268 autoreload 21236 17260 Watching for file changes with StatReloader
INFO 2023-08-10 19:05:54,924 autoreload 21236 17260 K:\YandexDisk\razrab\Django\seminars\project_one\fourthapp\admin.py changed, reloading.
INFO 2023-08-10 19:05:56,090 autoreload 18644 19700 Watching for file changes with StatReloader
INFO 2023-08-10 19:06:07,227 basehttp 18644 18072 "GET /admin/ HTTP/1.1" 200 9063
INFO 2023-08-10 19:07:55,369 autoreload 18644 19700 K:\YandexDisk\razrab\Django\seminars\project_one\secondapp\admin.py changed, reloading.
INFO 2023-08-10 19:07:56,228 autoreload 10292 12244 Watching for file changes with StatReloader
INFO 2023-08-10 19:07:58,453 basehttp 10292 9472 "GET /admin/ HTTP/1.1" 200 9777
INFO 2023-08-10 19:11:04,020 basehttp 10292 13820 "GET /admin/thirdapp/author/ HTTP/1.1" 200 12501
INFO 2023-08-10 19:11:04,119 basehttp 10292 3100 "GET /admin/jsi18n/ HTTP/1.1" 200 16066
INFO 2023-08-10 19:11:04,385 basehttp 10292 13820 "GET /static/admin/css/changelists.css HTTP/1.1" 200 6566
INFO 2023-08-10 19:11:04,491 basehttp 10292 2012 "GET /static/admin/js/admin/RelatedObjectLookups.js HTTP/1.1" 200 8943
INFO 2023-08-10 19:11:04,491 basehttp 10292 13820 "GET /static/admin/js/urlify.js HTTP/1.1" 200 7887
INFO 2023-08-10 19:11:04,614 basehttp 10292 1468 "GET /static/admin/js/jquery.init.js HTTP/1.1" 200 347
INFO 2023-08-10 19:11:04,627 basehttp 10292 13820 "GET /static/admin/js/prepopulate.js HTTP/1.1" 200 1531
INFO 2023-08-10 19:11:04,628 basehttp 10292 3100 "GET /static/admin/js/actions.js HTTP/1.1" 200 7872
INFO 2023-08-10 19:11:04,628 basehttp 10292 4424 "GET /static/admin/js/core.js HTTP/1.1" 200 5682
INFO 2023-08-10 19:11:04,639 basehttp 10292 2012 "GET /static/admin/js/vendor/xregexp/xregexp.js HTTP/1.1" 200 232381
INFO 2023-08-10 19:11:04,639 basehttp 10292 17932 "GET /static/admin/js/vendor/jquery/jquery.js HTTP/1.1" 200 292458
INFO 2023-08-10 19:11:04,919 basehttp 10292 17932 "GET /static/admin/img/tooltag-add.svg HTTP/1.1" 200 331
INFO 2023-08-10 19:11:04,919 basehttp 10292 2012 "GET /static/admin/js/filters.js HTTP/1.1" 200 978
INFO 2023-08-10 19:11:27,003 basehttp 10292 13072 "GET /admin/thirdapp/article/ HTTP/1.1" 200 10210
INFO 2023-08-10 19:11:27,066 basehttp 10292 13072 "GET /admin/jsi18n/ HTTP/1.1" 200 16066
INFO 2023-08-10 19:11:29,058 basehttp 10292 21004 "GET /admin/thirdapp/comment/ HTTP/1.1" 200 10210
INFO 2023-08-10 19:11:29,249 basehttp 10292 21004 "GET /admin/jsi18n/ HTTP/1.1" 200 16066
INFO 2023-08-10 19:11:31,366 basehttp 10292 21004 "GET /admin/secondapp/cointoss/ HTTP/1.1" 200 15285
INFO 2023-08-10 19:11:31,432 basehttp 10292 21004 "GET /admin/jsi18n/ HTTP/1.1" 200 16066
INFO 2023-08-10 19:11:36,077 basehttp 10292 21004 "GET /admin/fourthapp/client/ HTTP/1.1" 200 10207
INFO 2023-08-10 19:11:36,140 basehttp 10292 21004 "GET /admin/jsi18n/ HTTP/1.1" 200 16066
INFO 2023-08-10 19:11:37,738 basehttp 10292 10544 "GET /admin/fourthapp/order/ HTTP/1.1" 200 10200
INFO 2023-08-10 19:11:37,815 basehttp 10292 10544 "GET /admin/jsi18n/ HTTP/1.1" 200 16066
INFO 2023-08-10 19:11:38,961 basehttp 10292 10544 "GET /admin/fourthapp/product/ HTTP/1.1" 200 10214
INFO 2023-08-10 19:11:39,111 basehttp 10292 10544 "GET /admin/jsi18n/ HTTP/1.1" 200 16066
INFO 2023-08-10 19:11:43,631 basehttp 10292 10544 "GET /admin/ HTTP/1.1" 200 9777
INFO 2023-08-10 19:13:09,136 basehttp 10292 7480 "GET /admin/auth/group/add/ HTTP/1.1" 200 16150
INFO 2023-08-10 19:13:09,217 basehttp 10292 14908 "GET /admin/jsi18n/ HTTP/1.1" 200 16066
INFO 2023-08-10 19:13:09,224 basehttp 10292 7480 "GET /static/admin/css/forms.css HTTP/1.1" 200 9047
INFO 2023-08-10 19:13:09,299 basehttp 10292 19812 "GET /static/admin/js/SelectFilter2.js HTTP/1.1" 200 15292
INFO 2023-08-10 19:13:09,299 basehttp 10292 12116 "GET /static/admin/js/SelectBox.js HTTP/1.1" 200 4530
INFO 2023-08-10 19:13:09,317 basehttp 10292 20992 "GET /static/admin/js/prepopulate_init.js HTTP/1.1" 200 586
INFO 2023-08-10 19:13:09,392 basehttp 10292 19812 "GET /static/admin/css/widgets.css HTTP/1.1" 200 11900
INFO 2023-08-10 19:13:09,505 basehttp 10292 19812 "GET /static/admin/js/change_form.js HTTP/1.1" 200 606
INFO 2023-08-10 19:13:09,631 basehttp 10292 12116 "GET /static/admin/img/selector-icons.svg HTTP/1.1" 200 3291
INFO 2023-08-10 19:13:09,639 basehttp 10292 19812 "GET /static/admin/img/icon-unknown.svg HTTP/1.1" 200 655
INFO 2023-08-10 19:13:09,639 basehttp 10292 7480 "GET /static/admin/img/icon-unknown-alt.svg HTTP/1.1" 200 655
INFO 2023-08-10 19:13:09,639 basehttp 10292 20992 "GET /static/admin/img/search.svg HTTP/1.1" 200 458
INFO 2023-08-10 19:16:43,148 basehttp 10292 19388 "POST /admin/auth/group/add/ HTTP/1.1" 302 0
INFO 2023-08-10 19:16:43,206 basehttp 10292 19388 "GET /admin/auth/group/add/ HTTP/1.1" 200 16442
INFO 2023-08-10 19:16:43,262 basehttp 10292 19388 "GET /admin/jsi18n/ HTTP/1.1" 200 16066
INFO 2023-08-10 19:16:43,488 basehttp 10292 19388 "GET /static/admin/img/icon-yes.svg HTTP/1.1" 200 436
INFO 2023-08-10 19:17:17,618 basehttp 10292 19388 "POST /admin/auth/group/add/ HTTP/1.1" 302 0
INFO 2023-08-10 19:17:17,675 basehttp 10292 19388 "GET /admin/auth/group/add/ HTTP/1.1" 200 16442
INFO 2023-08-10 19:17:17,732 basehttp 10292 19388 "GET /admin/jsi18n/ HTTP/1.1" 200 16066
INFO 2023-08-10 19:17:56,945 basehttp 10292 19388 "POST /admin/auth/group/add/ HTTP/1.1" 302 0
INFO 2023-08-10 19:17:57,005 basehttp 10292 19388 "GET /admin/auth/group/add/ HTTP/1.1" 200 16444
INFO 2023-08-10 19:17:57,061 basehttp 10292 19388 "GET /admin/jsi18n/ HTTP/1.1" 200 16066
INFO 2023-08-10 19:18:55,386 basehttp 10292 19388 "POST /admin/auth/group/add/ HTTP/1.1" 302 0
INFO 2023-08-10 19:18:55,426 basehttp 10292 19388 "GET /admin/auth/group/add/ HTTP/1.1" 200 16442
INFO 2023-08-10 19:18:55,484 basehttp 10292 19388 "GET /admin/jsi18n/ HTTP/1.1" 200 16066
INFO 2023-08-10 19:19:26,387 basehttp 10292 19388 "POST /admin/auth/group/add/ HTTP/1.1" 302 0
INFO 2023-08-10 19:19:26,427 basehttp 10292 19388 "GET /admin/auth/group/add/ HTTP/1.1" 200 16442
INFO 2023-08-10 19:19:26,482 basehttp 10292 19388 "GET /admin/jsi18n/ HTTP/1.1" 200 16066
INFO 2023-08-10 19:19:46,144 basehttp 10292 19388 "POST /admin/auth/group/add/ HTTP/1.1" 302 0
INFO 2023-08-10 19:19:46,183 basehttp 10292 19388 "GET /admin/auth/group/add/ HTTP/1.1" 200 16444
INFO 2023-08-10 19:19:46,242 basehttp 10292 19388 "GET /admin/jsi18n/ HTTP/1.1" 200 16066
INFO 2023-08-10 19:20:21,254 basehttp 10292 8852 "POST /admin/auth/group/add/ HTTP/1.1" 302 0
INFO 2023-08-10 19:20:21,294 basehttp 10292 8852 "GET /admin/auth/group/add/ HTTP/1.1" 200 16441
INFO 2023-08-10 19:20:21,351 basehttp 10292 8852 "GET /admin/jsi18n/ HTTP/1.1" 200 16066
INFO 2023-08-10 19:20:50,105 basehttp 10292 19512 "POST /admin/auth/group/add/ HTTP/1.1" 302 0
INFO 2023-08-10 19:20:50,144 basehttp 10292 19512 "GET /admin/auth/group/add/ HTTP/1.1" 200 16441
INFO 2023-08-10 19:20:50,203 basehttp 10292 19512 "GET /admin/jsi18n/ HTTP/1.1" 200 16066
INFO 2023-08-10 19:21:07,719 basehttp 10292 1396 "POST /admin/auth/group/add/ HTTP/1.1" 302 0
INFO 2023-08-10 19:21:07,766 basehttp 10292 1396 "GET /admin/auth/group/ HTTP/1.1" 200 13707
INFO 2023-08-10 19:21:07,831 basehttp 10292 1396 "GET /admin/jsi18n/ HTTP/1.1" 200 16066
INFO 2023-08-10 19:21:16,444 basehttp 10292 17488 "GET /admin/ HTTP/1.1" 200 12435
INFO 2023-08-10 19:21:21,634 basehttp 10292 17488 "GET /admin/auth/group/ HTTP/1.1" 200 13492
INFO 2023-08-10 19:21:21,692 basehttp 10292 17488 "GET /admin/jsi18n/ HTTP/1.1" 200 16066
INFO 2023-08-10 19:32:46,078 basehttp 10292 18892 "GET /admin/auth/user/ HTTP/1.1" 200 15080
INFO 2023-08-10 19:32:48,359 basehttp 10292 18892 "GET /admin/jsi18n/ HTTP/1.1" 200 16066
INFO 2023-08-10 19:32:49,075 basehttp 10292 18892 "GET /static/admin/img/sorting-icons.svg HTTP/1.1" 200 1097
INFO 2023-08-10 19:33:01,145 basehttp 10292 18892 "GET /admin/auth/user/add/ HTTP/1.1" 200 13911
INFO 2023-08-10 19:33:01,258 basehttp 10292 18892 "GET /admin/jsi18n/ HTTP/1.1" 200 16066
INFO 2023-08-10 19:33:56,688 basehttp 10292 18892 "POST /admin/auth/user/add/ HTTP/1.1" 200 14364
INFO 2023-08-10 19:33:56,938 basehttp 10292 18892 "GET /admin/jsi18n/ HTTP/1.1" 200 16066
INFO 2023-08-10 19:34:23,955 basehttp 10292 18892 "POST /admin/auth/user/add/ HTTP/1.1" 200 14154
INFO 2023-08-10 19:34:24,024 basehttp 10292 18892 "GET /admin/jsi18n/ HTTP/1.1" 200 16066
INFO 2023-08-10 19:34:46,574 basehttp 10292 18892 "POST /admin/auth/user/add/ HTTP/1.1" 200 14154
INFO 2023-08-10 19:34:46,639 basehttp 10292 18892 "GET /admin/jsi18n/ HTTP/1.1" 200 16066
INFO 2023-08-10 19:35:27,433 basehttp 10292 18892 "POST /admin/auth/user/add/ HTTP/1.1" 302 0
INFO 2023-08-10 19:35:27,506 basehttp 10292 18892 "GET /admin/auth/user/add/ HTTP/1.1" 200 14242
INFO 2023-08-10 19:35:27,665 basehttp 10292 18892 "GET /admin/jsi18n/ HTTP/1.1" 200 16066
INFO 2023-08-10 19:36:00,167 basehttp 10292 18892 "POST /admin/auth/user/add/ HTTP/1.1" 302 0
INFO 2023-08-10 19:36:00,201 basehttp 10292 18892 "GET /admin/auth/user/add/ HTTP/1.1" 200 14236
INFO 2023-08-10 19:36:00,263 basehttp 10292 18892 "GET /admin/jsi18n/ HTTP/1.1" 200 16066
INFO 2023-08-10 19:36:24,974 basehttp 10292 18892 "POST /admin/auth/user/add/ HTTP/1.1" 302 0
INFO 2023-08-10 19:36:25,023 basehttp 10292 18892 "GET /admin/auth/user/add/ HTTP/1.1" 200 14236
INFO 2023-08-10 19:36:25,084 basehttp 10292 18892 "GET /admin/jsi18n/ HTTP/1.1" 200 16066
INFO 2023-08-10 19:37:04,678 basehttp 10292 18892 "POST /admin/auth/user/add/ HTTP/1.1" 302 0
INFO 2023-08-10 19:37:04,714 basehttp 10292 18892 "GET /admin/auth/user/add/ HTTP/1.1" 200 14246
INFO 2023-08-10 19:37:04,772 basehttp 10292 18892 "GET /admin/jsi18n/ HTTP/1.1" 200 16066
INFO 2023-08-10 19:37:36,246 basehttp 10292 18892 "POST /admin/auth/user/add/ HTTP/1.1" 302 0
INFO 2023-08-10 19:37:36,280 basehttp 10292 18892 "GET /admin/auth/user/add/ HTTP/1.1" 200 14242
INFO 2023-08-10 19:37:36,379 basehttp 10292 18892 "GET /admin/jsi18n/ HTTP/1.1" 200 16066
INFO 2023-08-10 19:38:09,556 basehttp 10292 18892 "POST /admin/auth/user/add/ HTTP/1.1" 302 0
INFO 2023-08-10 19:38:09,590 basehttp 10292 18892 "GET /admin/auth/user/add/ HTTP/1.1" 200 14236
INFO 2023-08-10 19:38:09,646 basehttp 10292 18892 "GET /admin/jsi18n/ HTTP/1.1" 200 16066
INFO 2023-08-10 19:38:53,020 basehttp 10292 18892 "POST /admin/auth/user/add/ HTTP/1.1" 302 0
INFO 2023-08-10 19:38:53,070 basehttp 10292 18892 "GET /admin/auth/user/add/ HTTP/1.1" 200 14244
INFO 2023-08-10 19:38:53,127 basehttp 10292 18892 "GET /admin/jsi18n/ HTTP/1.1" 200 16066
INFO 2023-08-10 19:39:33,307 basehttp 10292 18892 "POST /admin/auth/user/add/ HTTP/1.1" 302 0
INFO 2023-08-10 19:39:33,341 basehttp 10292 18892 "GET /admin/auth/user/add/ HTTP/1.1" 200 14244
INFO 2023-08-10 19:39:33,394 basehttp 10292 18892 "GET /admin/jsi18n/ HTTP/1.1" 200 16066
INFO 2023-08-10 19:40:22,940 basehttp 10292 18892 "POST /admin/auth/user/add/ HTTP/1.1" 302 0
INFO 2023-08-10 19:40:23,324 basehttp 10292 18892 "GET /admin/auth/user/10/change/ HTTP/1.1" 200 27286
INFO 2023-08-10 19:40:23,436 basehttp 10292 19500 "GET /admin/jsi18n/ HTTP/1.1" 200 16066
INFO 2023-08-10 19:40:23,732 basehttp 10292 18588 "GET /static/admin/js/admin/DateTimeShortcuts.js HTTP/1.1" 200 19319
INFO 2023-08-10 19:40:23,747 basehttp 10292 18892 "GET /static/admin/js/calendar.js HTTP/1.1" 200 8466
INFO 2023-08-10 19:40:24,073 basehttp 10292 18588 "GET /static/admin/img/icon-clock.svg HTTP/1.1" 200 677
INFO 2023-08-10 19:40:24,076 basehttp 10292 18892 "GET /static/admin/img/icon-calendar.svg HTTP/1.1" 200 1086
INFO 2023-08-10 19:40:30,946 basehttp 10292 18892 "GET /admin/auth/user/ HTTP/1.1" 200 18726
INFO 2023-08-10 19:40:31,006 basehttp 10292 18892 "GET /admin/jsi18n/ HTTP/1.1" 200 16066
INFO 2023-08-10 19:40:31,264 basehttp 10292 18892 "GET /static/admin/img/icon-no.svg HTTP/1.1" 200 560
INFO 2023-08-10 19:40:45,390 basehttp 10292 18892 "GET /admin/auth/user/add/ HTTP/1.1" 200 13911
INFO 2023-08-10 19:40:45,453 basehttp 10292 18892 "GET /admin/jsi18n/ HTTP/1.1" 200 16066
INFO 2023-08-10 19:41:21,198 basehttp 10292 18892 "POST /admin/auth/user/add/ HTTP/1.1" 302 0
INFO 2023-08-10 19:41:21,256 basehttp 10292 18892 "GET /admin/auth/user/11/change/ HTTP/1.1" 200 27306
INFO 2023-08-10 19:41:21,392 basehttp 10292 18892 "GET /admin/jsi18n/ HTTP/1.1" 200 16066
INFO 2023-08-10 19:41:24,598 basehttp 10292 18892 "GET /admin/auth/user/ HTTP/1.1" 200 19143
INFO 2023-08-10 19:41:24,662 basehttp 10292 18892 "GET /admin/jsi18n/ HTTP/1.1" 200 16066
INFO 2023-08-10 19:41:36,087 basehttp 10292 18892 "GET /admin/auth/user/2/change/ HTTP/1.1" 200 26933
INFO 2023-08-10 19:41:36,142 basehttp 10292 18892 "GET /admin/jsi18n/ HTTP/1.1" 200 16066
INFO 2023-08-10 19:48:07,592 basehttp 10292 7312 "POST /admin/auth/user/2/change/ HTTP/1.1" 302 0
INFO 2023-08-10 19:48:07,649 basehttp 10292 7312 "GET /admin/auth/user/ HTTP/1.1" 200 19427
INFO 2023-08-10 19:48:07,738 basehttp 10292 7312 "GET /admin/jsi18n/ HTTP/1.1" 200 16066
INFO 2023-08-10 19:48:13,019 basehttp 10292 7312 "GET /admin/auth/user/7/change/ HTTP/1.1" 200 26909
INFO 2023-08-10 19:48:13,247 basehttp 10292 7312 "GET /admin/jsi18n/ HTTP/1.1" 200 16066
INFO 2023-08-10 19:49:00,656 basehttp 10292 7312 "POST /admin/auth/user/7/change/ HTTP/1.1" 302 0
INFO 2023-08-10 19:49:00,698 basehttp 10292 7312 "GET /admin/auth/user/ HTTP/1.1" 200 19451
INFO 2023-08-10 19:49:00,807 basehttp 10292 7312 "GET /admin/jsi18n/ HTTP/1.1" 200 16066
INFO 2023-08-10 19:49:03,830 basehttp 10292 7312 "GET /admin/auth/user/5/change/ HTTP/1.1" 200 26949
INFO 2023-08-10 19:49:03,904 basehttp 10292 7312 "GET /admin/jsi18n/ HTTP/1.1" 200 16066
INFO 2023-08-10 19:49:59,375 basehttp 10292 7312 "POST /admin/auth/user/5/change/ HTTP/1.1" 302 0
INFO 2023-08-10 19:49:59,416 basehttp 10292 7312 "GET /admin/auth/user/ HTTP/1.1" 200 19507
INFO 2023-08-10 19:49:59,545 basehttp 10292 7312 "GET /admin/jsi18n/ HTTP/1.1" 200 16066
INFO 2023-08-10 19:50:04,809 basehttp 10292 7312 "GET /admin/auth/user/3/change/ HTTP/1.1" 200 26909
INFO 2023-08-10 19:50:04,918 basehttp 10292 7312 "GET /admin/jsi18n/ HTTP/1.1" 200 16066
INFO 2023-08-10 19:51:04,629 basehttp 10292 7312 "POST /admin/auth/user/3/change/ HTTP/1.1" 302 0
INFO 2023-08-10 19:51:04,682 basehttp 10292 7312 "GET /admin/auth/user/ HTTP/1.1" 200 19531
INFO 2023-08-10 19:51:04,760 basehttp 10292 7312 "GET /admin/jsi18n/ HTTP/1.1" 200 16066
INFO 2023-08-10 19:51:07,184 basehttp 10292 7312 "GET /admin/auth/user/11/change/ HTTP/1.1" 200 26976
INFO 2023-08-10 19:51:07,248 basehttp 10292 7312 "GET /admin/jsi18n/ HTTP/1.1" 200 16066
INFO 2023-08-10 19:52:04,054 basehttp 10292 7312 "POST /admin/auth/user/11/change/ HTTP/1.1" 302 0
INFO 2023-08-10 19:52:04,096 basehttp 10292 7312 "GET /admin/auth/user/ HTTP/1.1" 200 19600
INFO 2023-08-10 19:52:04,161 basehttp 10292 7312 "GET /admin/jsi18n/ HTTP/1.1" 200 16066
INFO 2023-08-10 19:52:07,776 basehttp 10292 7312 "GET /admin/auth/user/9/change/ HTTP/1.1" 200 26941
INFO 2023-08-10 19:52:07,896 basehttp 10292 7312 "GET /admin/jsi18n/ HTTP/1.1" 200 16066
INFO 2023-08-10 19:52:58,130 basehttp 10292 7312 "POST /admin/auth/user/9/change/ HTTP/1.1" 302 0
INFO 2023-08-10 19:52:58,172 basehttp 10292 7312 "GET /admin/auth/user/ HTTP/1.1" 200 19634
INFO 2023-08-10 19:52:58,232 basehttp 10292 7312 "GET /admin/jsi18n/ HTTP/1.1" 200 16066
INFO 2023-08-10 19:53:00,647 basehttp 10292 7312 "GET /admin/auth/user/10/change/ HTTP/1.1" 200 26960
INFO 2023-08-10 19:53:00,713 basehttp 10292 7312 "GET /admin/jsi18n/ HTTP/1.1" 200 16066
INFO 2023-08-10 19:53:38,324 basehttp 10292 7312 "POST /admin/auth/user/10/change/ HTTP/1.1" 302 0
INFO 2023-08-10 19:53:38,365 basehttp 10292 7312 "GET /admin/auth/user/ HTTP/1.1" 200 19686
INFO 2023-08-10 19:53:38,431 basehttp 10292 7312 "GET /admin/jsi18n/ HTTP/1.1" 200 16066
INFO 2023-08-10 19:53:40,593 basehttp 10292 7312 "GET /admin/auth/user/4/change/ HTTP/1.1" 200 26909
INFO 2023-08-10 19:53:40,681 basehttp 10292 7312 "GET /admin/jsi18n/ HTTP/1.1" 200 16066
INFO 2023-08-10 19:54:25,106 basehttp 10292 7312 "POST /admin/auth/user/4/change/ HTTP/1.1" 302 0
INFO 2023-08-10 19:54:25,149 basehttp 10292 7312 "GET /admin/auth/user/ HTTP/1.1" 200 19703
INFO 2023-08-10 19:54:25,210 basehttp 10292 7312 "GET /admin/jsi18n/ HTTP/1.1" 200 16066
INFO 2023-08-10 19:54:28,198 basehttp 10292 7312 "GET /admin/auth/user/6/change/ HTTP/1.1" 200 26933
INFO 2023-08-10 19:54:28,307 basehttp 10292 7312 "GET /admin/jsi18n/ HTTP/1.1" 200 16066
INFO 2023-08-10 19:55:06,827 basehttp 10292 7312 "POST /admin/auth/user/6/change/ HTTP/1.1" 302 0
INFO 2023-08-10 19:55:06,869 basehttp 10292 7312 "GET /admin/auth/user/ HTTP/1.1" 200 19749
INFO 2023-08-10 19:55:06,933 basehttp 10292 7312 "GET /admin/jsi18n/ HTTP/1.1" 200 16066
INFO 2023-08-10 19:55:09,356 basehttp 10292 7312 "GET /admin/auth/user/8/change/ HTTP/1.1" 200 26941
INFO 2023-08-10 19:55:09,422 basehttp 10292 7312 "GET /admin/jsi18n/ HTTP/1.1" 200 16066
INFO 2023-08-10 19:55:44,838 basehttp 10292 7312 "POST /admin/auth/user/8/change/ HTTP/1.1" 302 0
INFO 2023-08-10 19:55:44,881 basehttp 10292 7312 "GET /admin/auth/user/ HTTP/1.1" 200 19793
INFO 2023-08-10 19:55:44,961 basehttp 10292 7312 "GET /admin/jsi18n/ HTTP/1.1" 200 16066
INFO 2023-08-10 19:56:00,023 basehttp 10292 7312 "GET /admin/ HTTP/1.1" 200 13032
INFO 2023-08-10 19:56:06,417 basehttp 10292 7312 "GET /admin/thirdapp/ HTTP/1.1" 200 6227
INFO 2023-08-10 19:56:16,543 basehttp 10292 7312 "GET /admin/thirdapp/author/ HTTP/1.1" 200 12501
INFO 2023-08-10 19:56:16,609 basehttp 10292 7312 "GET /admin/jsi18n/ HTTP/1.1" 200 16066
INFO 2023-08-10 20:02:30,572 autoreload 10292 12244 K:\YandexDisk\razrab\Django\seminars\project_one\thirdapp\admin.py changed, reloading.
INFO 2023-08-10 20:02:33,700 autoreload 5688 18548 Watching for file changes with StatReloader
INFO 2023-08-10 20:04:08,340 autoreload 5688 18548 K:\YandexDisk\razrab\Django\seminars\project_one\thirdapp\admin.py changed, reloading.
INFO 2023-08-10 20:04:09,308 autoreload 2420 11784 Watching for file changes with StatReloader
INFO 2023-08-10 20:04:13,436 basehttp 2420 17176 "GET /admin/thirdapp/author/ HTTP/1.1" 200 13536
INFO 2023-08-10 20:04:13,547 basehttp 2420 17176 "GET /admin/jsi18n/ HTTP/1.1" 200 16066
INFO 2023-08-10 20:05:09,549 basehttp 2420 17176 "GET /admin/thirdapp/author/5/change/ HTTP/1.1" 200 14221
INFO 2023-08-10 20:05:09,624 basehttp 2420 17176 "GET /admin/jsi18n/ HTTP/1.1" 200 16066
INFO 2023-08-10 20:15:51,890 autoreload 2420 11784 K:\YandexDisk\razrab\Django\seminars\project_one\thirdapp\admin.py changed, reloading.
INFO 2023-08-10 20:15:53,015 autoreload 2268 16692 Watching for file changes with StatReloader
ERROR 2023-08-10 20:15:56,421 log 2268 9032 Internal Server Error: /admin/thirdapp/author/5/change/
Traceback (most recent call last):
  File "K:\YandexDisk\razrab\Django\seminars\venv\Lib\site-packages\django\contrib\admin\options.py", line 809, in get_form
    return modelform_factory(self.model, **defaults)
           ^^^^^^^^^^^^^^^^^^^^^^^^^^^^^^^^^^^^^^^^^
  File "K:\YandexDisk\razrab\Django\seminars\venv\Lib\site-packages\django\forms\models.py", line 642, in modelform_factory
    return type(form)(class_name, (form,), form_class_attrs)
           ^^^^^^^^^^^^^^^^^^^^^^^^^^^^^^^^^^^^^^^^^^^^^^^^^
  File "K:\YandexDisk\razrab\Django\seminars\venv\Lib\site-packages\django\forms\models.py", line 321, in __new__
    raise FieldError(message)
django.core.exceptions.FieldError: Unknown field(s) (name) specified for Author

During handling of the above exception, another exception occurred:

Traceback (most recent call last):
  File "K:\YandexDisk\razrab\Django\seminars\venv\Lib\site-packages\django\core\handlers\exception.py", line 55, in inner
    response = get_response(request)
               ^^^^^^^^^^^^^^^^^^^^^
  File "K:\YandexDisk\razrab\Django\seminars\venv\Lib\site-packages\django\core\handlers\base.py", line 197, in _get_response
    response = wrapped_callback(request, *callback_args, **callback_kwargs)
               ^^^^^^^^^^^^^^^^^^^^^^^^^^^^^^^^^^^^^^^^^^^^^^^^^^^^^^^^^^^^
  File "K:\YandexDisk\razrab\Django\seminars\venv\Lib\site-packages\django\contrib\admin\options.py", line 688, in wrapper
    return self.admin_site.admin_view(view)(*args, **kwargs)
           ^^^^^^^^^^^^^^^^^^^^^^^^^^^^^^^^^^^^^^^^^^^^^^^^^
  File "K:\YandexDisk\razrab\Django\seminars\venv\Lib\site-packages\django\utils\decorators.py", line 134, in _wrapper_view
    response = view_func(request, *args, **kwargs)
               ^^^^^^^^^^^^^^^^^^^^^^^^^^^^^^^^^^^
  File "K:\YandexDisk\razrab\Django\seminars\venv\Lib\site-packages\django\views\decorators\cache.py", line 62, in _wrapper_view_func
    response = view_func(request, *args, **kwargs)
               ^^^^^^^^^^^^^^^^^^^^^^^^^^^^^^^^^^^
  File "K:\YandexDisk\razrab\Django\seminars\venv\Lib\site-packages\django\contrib\admin\sites.py", line 242, in inner
    return view(request, *args, **kwargs)
           ^^^^^^^^^^^^^^^^^^^^^^^^^^^^^^
  File "K:\YandexDisk\razrab\Django\seminars\venv\Lib\site-packages\django\contrib\admin\options.py", line 1889, in change_view
    return self.changeform_view(request, object_id, form_url, extra_context)
           ^^^^^^^^^^^^^^^^^^^^^^^^^^^^^^^^^^^^^^^^^^^^^^^^^^^^^^^^^^^^^^^^^
  File "K:\YandexDisk\razrab\Django\seminars\venv\Lib\site-packages\django\utils\decorators.py", line 46, in _wrapper
    return bound_method(*args, **kwargs)
           ^^^^^^^^^^^^^^^^^^^^^^^^^^^^^
  File "K:\YandexDisk\razrab\Django\seminars\venv\Lib\site-packages\django\utils\decorators.py", line 134, in _wrapper_view
    response = view_func(request, *args, **kwargs)
               ^^^^^^^^^^^^^^^^^^^^^^^^^^^^^^^^^^^
  File "K:\YandexDisk\razrab\Django\seminars\venv\Lib\site-packages\django\contrib\admin\options.py", line 1747, in changeform_view
    return self._changeform_view(request, object_id, form_url, extra_context)
           ^^^^^^^^^^^^^^^^^^^^^^^^^^^^^^^^^^^^^^^^^^^^^^^^^^^^^^^^^^^^^^^^^^
  File "K:\YandexDisk\razrab\Django\seminars\venv\Lib\site-packages\django\contrib\admin\options.py", line 1782, in _changeform_view
    ModelForm = self.get_form(
                ^^^^^^^^^^^^^^
  File "K:\YandexDisk\razrab\Django\seminars\venv\Lib\site-packages\django\contrib\admin\options.py", line 811, in get_form
    raise FieldError(
django.core.exceptions.FieldError: Unknown field(s) (name) specified for Author. Check fields/fieldsets/exclude attributes of class AuthorAdmin.
ERROR 2023-08-10 20:15:56,432 basehttp 2268 9032 "GET /admin/thirdapp/author/5/change/ HTTP/1.1" 500 135802
INFO 2023-08-10 20:17:59,119 autoreload 2268 16692 K:\YandexDisk\razrab\Django\seminars\project_one\thirdapp\admin.py changed, reloading.
INFO 2023-08-10 20:18:00,152 autoreload 14912 13552 Watching for file changes with StatReloader
INFO 2023-08-10 20:18:02,707 basehttp 14912 8460 "GET /admin/thirdapp/author/5/change/ HTTP/1.1" 200 14660
INFO 2023-08-10 20:18:02,794 basehttp 14912 15928 "GET /admin/jsi18n/ HTTP/1.1" 200 16066
INFO 2023-08-10 20:18:03,176 basehttp 14912 8460 "GET /static/admin/js/collapse.js HTTP/1.1" 200 1803
INFO 2023-08-10 20:22:17,369 autoreload 14912 13552 K:\YandexDisk\razrab\Django\seminars\project_one\thirdapp\admin.py changed, reloading.
INFO 2023-08-10 20:22:18,384 autoreload 17232 8288 Watching for file changes with StatReloader
INFO 2023-08-10 20:30:14,978 autoreload 17232 8288 K:\YandexDisk\razrab\Django\seminars\project_one\thirdapp\admin.py changed, reloading.
INFO 2023-08-10 20:30:16,058 autoreload 14192 992 Watching for file changes with StatReloader
